current directory: /var/www/rails/pfc-master/shared/bundle/ruby/2.5.0/gems/unicorn-5.7.0/ext/unicorn_http
/home/naota/.rbenv/versions/2.5.1/bin/ruby -r ./siteconf20201012-14024-1dfd82z.rb extconf.rb
checking for SIZEOF_OFF_T in ruby.h... yes
checking for SIZEOF_SIZE_T in ruby.h... yes
checking for SIZEOF_LONG in ruby.h... yes
checking for rb_str_set_len() in ruby.h... yes
checking for rb_hash_clear() in ruby.h... yes
checking for gmtime_r() in time.h... yes
checking if String#-@ (str_uminus) dedupes... yes
checking if Hash#[]= (rb_hash_aset) dedupes... no, needs Ruby 2.6+
creating Makefile

current directory: /var/www/rails/pfc-master/shared/bundle/ruby/2.5.0/gems/unicorn-5.7.0/ext/unicorn_http
make "DESTDIR=" clean

current directory: /var/www/rails/pfc-master/shared/bundle/ruby/2.5.0/gems/unicorn-5.7.0/ext/unicorn_http
make "DESTDIR="
compiling httpdate.c
compiling unicorn_http.c
unicorn_http.c:340:18: 警告: ‘http_parser_en_main’ defined but not used [-Wunused-const-variable=]
 static const int http_parser_en_main = 1;
                  ^~~~~~~~~~~~~~~~~~~
unicorn_http.c:338:18: 警告: ‘http_parser_en_ChunkedBody_chunk_chunk_end’ defined but not used [-Wunused-const-variable=]
 static const int http_parser_en_ChunkedBody_chunk_chunk_end = 105;
                  ^~~~~~~~~~~~~~~~~~~~~~~~~~~~~~~~~~~~~~~~~~
cc1: 警告: 認識できないコマンドラインオプション ‘-Wno-self-assign’ です
cc1: 警告: 認識できないコマンドラインオプション ‘-Wno-constant-logical-operand’ です
cc1: 警告: 認識できないコマンドラインオプション ‘-Wno-parentheses-equality’ です
linking shared-object unicorn_http.so

current directory: /var/www/rails/pfc-master/shared/bundle/ruby/2.5.0/gems/unicorn-5.7.0/ext/unicorn_http
make "DESTDIR=" install
/usr/bin/install -c -m 0755 unicorn_http.so ./.gem.20201012-14024-16x0tk9
