"gcc -o conftest -I/home/naota/.rbenv/versions/2.5.1/include/ruby-2.5.0/x86_64-linux -I/home/naota/.rbenv/versions/2.5.1/include/ruby-2.5.0/ruby/backward -I/home/naota/.rbenv/versions/2.5.1/include/ruby-2.5.0 -I. -I/home/naota/.rbenv/versions/2.5.1/include    -O3 -ggdb3 -Wall -Wextra -Wno-unused-parameter -Wno-parentheses -Wno-long-long -Wno-missing-field-initializers -Wno-tautological-compare -Wno-parentheses-equality -Wno-constant-logical-operand -Wno-self-assign -Wunused-variable -Wimplicit-int -Wpointer-arith -Wwrite-strings -Wdeclaration-after-statement -Wimplicit-function-declaration -Wdeprecated-declarations -Wmisleading-indentation -Wno-packed-bitfield-compat -Wsuggest-attribute=noreturn -Wsuggest-attribute=format -Wimplicit-fallthrough=0 -Wduplicated-cond -Wrestrict  -fPIC  conftest.c  -L. -L/home/naota/.rbenv/versions/2.5.1/lib -Wl,-rpath,/home/naota/.rbenv/versions/2.5.1/lib -L. -L/home/naota/.rbenv/versions/2.5.1/lib  -fstack-protector -rdynamic -Wl,-export-dynamic     -Wl,-rpath,/home/naota/.rbenv/versions/2.5.1/lib -L/home/naota/.rbenv/versions/2.5.1/lib -lruby  -lpthread -ldl -lcrypt -lm   -lc "
checked program was:
/* begin */
1: #include "ruby.h"
2: 
3: int main(int argc, char **argv)
4: {
5:   return 0;
6: }
/* end */

"gcc -I/home/naota/.rbenv/versions/2.5.1/include/ruby-2.5.0/x86_64-linux -I/home/naota/.rbenv/versions/2.5.1/include/ruby-2.5.0/ruby/backward -I/home/naota/.rbenv/versions/2.5.1/include/ruby-2.5.0 -I. -I/home/naota/.rbenv/versions/2.5.1/include    -O3 -ggdb3 -Wall -Wextra -Wno-unused-parameter -Wno-parentheses -Wno-long-long -Wno-missing-field-initializers -Wno-tautological-compare -Wno-parentheses-equality -Wno-constant-logical-operand -Wno-self-assign -Wunused-variable -Wimplicit-int -Wpointer-arith -Wwrite-strings -Wdeclaration-after-statement -Wimplicit-function-declaration -Wdeprecated-declarations -Wmisleading-indentation -Wno-packed-bitfield-compat -Wsuggest-attribute=noreturn -Wsuggest-attribute=format -Wimplicit-fallthrough=0 -Wduplicated-cond -Wrestrict  -fPIC    -Werror -c conftest.c"
checked program was:
/* begin */
1: #include "ruby.h"
2: 
3: int main() {return 0;}
/* end */

have_library: checking for gzdopen() in -lz... -------------------- yes

"gcc -o conftest -I/home/naota/.rbenv/versions/2.5.1/include/ruby-2.5.0/x86_64-linux -I/home/naota/.rbenv/versions/2.5.1/include/ruby-2.5.0/ruby/backward -I/home/naota/.rbenv/versions/2.5.1/include/ruby-2.5.0 -I. -I/home/naota/.rbenv/versions/2.5.1/include    -O3 -ggdb3 -Wall -Wextra -Wno-unused-parameter -Wno-parentheses -Wno-long-long -Wno-missing-field-initializers -Wno-tautological-compare -Wno-parentheses-equality -Wno-constant-logical-operand -Wno-self-assign -Wunused-variable -Wimplicit-int -Wpointer-arith -Wwrite-strings -Wdeclaration-after-statement -Wimplicit-function-declaration -Wdeprecated-declarations -Wmisleading-indentation -Wno-packed-bitfield-compat -Wsuggest-attribute=noreturn -Wsuggest-attribute=format -Wimplicit-fallthrough=0 -Wduplicated-cond -Wrestrict  -fPIC  -g -DXP_UNIX -O3 -Wall -Wcast-qual -Wwrite-strings -Wmissing-noreturn -Winline conftest.c  -L. -L/home/naota/.rbenv/versions/2.5.1/lib -Wl,-rpath,/home/naota/.rbenv/versions/2.5.1/lib -L. -L/home/naota/.rbenv/versions/2.5.1/lib  -fstack-protector -rdynamic -Wl,-export-dynamic     -Wl,-rpath,/home/naota/.rbenv/versions/2.5.1/lib -L/home/naota/.rbenv/versions/2.5.1/lib -lruby -lz  -lpthread -ldl -lcrypt -lm   -lc "
checked program was:
/* begin */
 1: #include "ruby.h"
 2: 
 3: #include <zlib.h>
 4: 
 5: /*top*/
 6: extern int t(void);
 7: int main(int argc, char **argv)
 8: {
 9:   if (argc > 1000000) {
10:     printf("%p", &t);
11:   }
12: 
13:   return 0;
14: }
15: int t(void) { void ((*volatile p)()); p = (void ((*)()))gzdopen; return !p; }
/* end */

--------------------

have_iconv?: checking for iconv... -------------------- yes

"gcc -o conftest -I/home/naota/.rbenv/versions/2.5.1/include/ruby-2.5.0/x86_64-linux -I/home/naota/.rbenv/versions/2.5.1/include/ruby-2.5.0/ruby/backward -I/home/naota/.rbenv/versions/2.5.1/include/ruby-2.5.0 -I. -I/home/naota/.rbenv/versions/2.5.1/include    -O3 -ggdb3 -Wall -Wextra -Wno-unused-parameter -Wno-parentheses -Wno-long-long -Wno-missing-field-initializers -Wno-tautological-compare -Wno-parentheses-equality -Wno-constant-logical-operand -Wno-self-assign -Wunused-variable -Wimplicit-int -Wpointer-arith -Wwrite-strings -Wdeclaration-after-statement -Wimplicit-function-declaration -Wdeprecated-declarations -Wmisleading-indentation -Wno-packed-bitfield-compat -Wsuggest-attribute=noreturn -Wsuggest-attribute=format -Wimplicit-fallthrough=0 -Wduplicated-cond -Wrestrict  -fPIC  -g -DXP_UNIX -O3 -Wall -Wcast-qual -Wwrite-strings -Wmissing-noreturn -Winline conftest.c  -L. -L/home/naota/.rbenv/versions/2.5.1/lib -Wl,-rpath,/home/naota/.rbenv/versions/2.5.1/lib -L. -L/home/naota/.rbenv/versions/2.5.1/lib  -fstack-protector -rdynamic -Wl,-export-dynamic     -Wl,-rpath,/home/naota/.rbenv/versions/2.5.1/lib -L/home/naota/.rbenv/versions/2.5.1/lib -lruby  -lpthread -ldl -lcrypt -lm   -lc "
checked program was:
/* begin */
 1: #include "ruby.h"
 2: 
 3: #include <stdlib.h>
 4: #include <iconv.h>
 5: 
 6: int main(void)
 7: {
 8:     iconv_t cd = iconv_open("", "");
 9:     iconv(cd, NULL, NULL, NULL, NULL);
10:     return EXIT_SUCCESS;
11: }
/* end */

--------------------

have_library: checking for -llzma... -------------------- yes

"gcc -o conftest -I/home/naota/.rbenv/versions/2.5.1/include/ruby-2.5.0/x86_64-linux -I/home/naota/.rbenv/versions/2.5.1/include/ruby-2.5.0/ruby/backward -I/home/naota/.rbenv/versions/2.5.1/include/ruby-2.5.0 -I. -I/home/naota/.rbenv/versions/2.5.1/include    -O3 -ggdb3 -Wall -Wextra -Wno-unused-parameter -Wno-parentheses -Wno-long-long -Wno-missing-field-initializers -Wno-tautological-compare -Wno-parentheses-equality -Wno-constant-logical-operand -Wno-self-assign -Wunused-variable -Wimplicit-int -Wpointer-arith -Wwrite-strings -Wdeclaration-after-statement -Wimplicit-function-declaration -Wdeprecated-declarations -Wmisleading-indentation -Wno-packed-bitfield-compat -Wsuggest-attribute=noreturn -Wsuggest-attribute=format -Wimplicit-fallthrough=0 -Wduplicated-cond -Wrestrict  -fPIC  -g -DXP_UNIX -O3 -Wall -Wcast-qual -Wwrite-strings -Wmissing-noreturn -Winline -DNOKOGIRI_USE_PACKAGED_LIBRARIES conftest.c  -L. -L/home/naota/.rbenv/versions/2.5.1/lib -Wl,-rpath,/home/naota/.rbenv/versions/2.5.1/lib -L. -L/home/naota/.rbenv/versions/2.5.1/lib  -fstack-protector -rdynamic -Wl,-export-dynamic     -Wl,-rpath,/home/naota/.rbenv/versions/2.5.1/lib -L/home/naota/.rbenv/versions/2.5.1/lib -lruby -llzma  -lpthread -ldl -lcrypt -lm   -lc "
checked program was:
/* begin */
 1: #include "ruby.h"
 2: 
 3: /*top*/
 4: extern int t(void);
 5: int main(int argc, char **argv)
 6: {
 7:   if (argc > 1000000) {
 8:     printf("%p", &t);
 9:   }
10: 
11:   return 0;
12: }
13: 
14: int t(void) { ; return 0; }
/* end */

--------------------

have_func: checking for xmlParseDoc() in libxml/parser.h... -------------------- yes

"gcc -o conftest -I/home/naota/.rbenv/versions/2.5.1/include/ruby-2.5.0/x86_64-linux -I/home/naota/.rbenv/versions/2.5.1/include/ruby-2.5.0/ruby/backward -I/home/naota/.rbenv/versions/2.5.1/include/ruby-2.5.0 -I. -I/var/www/rails/pfc-master/shared/bundle/ruby/2.5.0/gems/nokogiri-1.10.10/ports/x86_64-pc-linux-gnu/libxml2/2.9.10/include/libxml2 -I/var/www/rails/pfc-master/shared/bundle/ruby/2.5.0/gems/nokogiri-1.10.10/ports/x86_64-pc-linux-gnu/libxslt/1.1.34/include -I/var/www/rails/pfc-master/shared/bundle/ruby/2.5.0/gems/nokogiri-1.10.10/ports/x86_64-pc-linux-gnu/libxml2/2.9.10/include/libxml2 -I/home/naota/.rbenv/versions/2.5.1/include    "-DNOKOGIRI_LIBXML2_PATH=\"/var/www/rails/pfc-master/shared/bundle/ruby/2.5.0/gems/nokogiri-1.10.10/ports/x86_64-pc-linux-gnu/libxml2/2.9.10\"" "-DNOKOGIRI_LIBXML2_PATCHES=\"0001-Revert-Do-not-URI-escape-in-server-side-includes.patch 0002-Remove-script-macro-support.patch 0003-Update-entities-to-remove-handling-of-ssi.patch 0004-libxml2.la-is-in-top_builddir.patch 0005-Fix-infinite-loop-in-xmlStringLenDecodeEntities.patch\"" "-DNOKOGIRI_LIBXSLT_PATH=\"/var/www/rails/pfc-master/shared/bundle/ruby/2.5.0/gems/nokogiri-1.10.10/ports/x86_64-pc-linux-gnu/libxslt/1.1.34\"" "-DNOKOGIRI_LIBXSLT_PATCHES=\"\"" -O3 -ggdb3 -Wall -Wextra -Wno-unused-parameter -Wno-parentheses -Wno-long-long -Wno-missing-field-initializers -Wno-tautological-compare -Wno-parentheses-equality -Wno-constant-logical-operand -Wno-self-assign -Wunused-variable -Wimplicit-int -Wpointer-arith -Wwrite-strings -Wdeclaration-after-statement -Wimplicit-function-declaration -Wdeprecated-declarations -Wmisleading-indentation -Wno-packed-bitfield-compat -Wsuggest-attribute=noreturn -Wsuggest-attribute=format -Wimplicit-fallthrough=0 -Wduplicated-cond -Wrestrict  -fPIC  -g -DXP_UNIX -O3 -Wall -Wcast-qual -Wwrite-strings -Wmissing-noreturn -Winline -DNOKOGIRI_USE_PACKAGED_LIBRARIES conftest.c  -L. -L/home/naota/.rbenv/versions/2.5.1/lib -Wl,-rpath,/home/naota/.rbenv/versions/2.5.1/lib -L/var/www/rails/pfc-master/shared/bundle/ruby/2.5.0/gems/nokogiri-1.10.10/ports/x86_64-pc-linux-gnu/libxml2/2.9.10/lib -Wl,-rpath,/var/www/rails/pfc-master/shared/bundle/ruby/2.5.0/gems/nokogiri-1.10.10/ports/x86_64-pc-linux-gnu/libxml2/2.9.10/lib -L/var/www/rails/pfc-master/shared/bundle/ruby/2.5.0/gems/nokogiri-1.10.10/ports/x86_64-pc-linux-gnu/libxslt/1.1.34/lib -Wl,-rpath,/var/www/rails/pfc-master/shared/bundle/ruby/2.5.0/gems/nokogiri-1.10.10/ports/x86_64-pc-linux-gnu/libxslt/1.1.34/lib -L. -L/home/naota/.rbenv/versions/2.5.1/lib  -fstack-protector -rdynamic -Wl,-export-dynamic    /var/www/rails/pfc-master/shared/bundle/ruby/2.5.0/gems/nokogiri-1.10.10/ports/x86_64-pc-linux-gnu/libxslt/1.1.34/lib/libexslt.a -lm -ldl -llzma -lz /var/www/rails/pfc-master/shared/bundle/ruby/2.5.0/gems/nokogiri-1.10.10/ports/x86_64-pc-linux-gnu/libxml2/2.9.10/lib/libxml2.a /var/www/rails/pfc-master/shared/bundle/ruby/2.5.0/gems/nokogiri-1.10.10/ports/x86_64-pc-linux-gnu/libxslt/1.1.34/lib/libxslt.a -ldl -lm -llzma -lz /var/www/rails/pfc-master/shared/bundle/ruby/2.5.0/gems/nokogiri-1.10.10/ports/x86_64-pc-linux-gnu/libxml2/2.9.10/lib/libxml2.a -llzma -Wl,-rpath,/home/naota/.rbenv/versions/2.5.1/lib -L/home/naota/.rbenv/versions/2.5.1/lib -lruby /var/www/rails/pfc-master/shared/bundle/ruby/2.5.0/gems/nokogiri-1.10.10/ports/x86_64-pc-linux-gnu/libxslt/1.1.34/lib/libexslt.a -lm -ldl -llzma -lz /var/www/rails/pfc-master/shared/bundle/ruby/2.5.0/gems/nokogiri-1.10.10/ports/x86_64-pc-linux-gnu/libxml2/2.9.10/lib/libxml2.a /var/www/rails/pfc-master/shared/bundle/ruby/2.5.0/gems/nokogiri-1.10.10/ports/x86_64-pc-linux-gnu/libxslt/1.1.34/lib/libxslt.a -ldl -lm -llzma -lz /var/www/rails/pfc-master/shared/bundle/ruby/2.5.0/gems/nokogiri-1.10.10/ports/x86_64-pc-linux-gnu/libxml2/2.9.10/lib/libxml2.a -llzma -lpthread -ldl -lcrypt -lm   -lc "
checked program was:
/* begin */
 1: #include "ruby.h"
 2: 
 3: #include <libxml/parser.h>
 4: 
 5: /*top*/
 6: extern int t(void);
 7: int main(int argc, char **argv)
 8: {
 9:   if (argc > 1000000) {
10:     printf("%p", &t);
11:   }
12: 
13:   return 0;
14: }
15: int t(void) { void ((*volatile p)()); p = (void ((*)()))xmlParseDoc; return !p; }
/* end */

--------------------

have_func: checking for xsltParseStylesheetDoc() in libxslt/xslt.h... -------------------- yes

"gcc -o conftest -I/home/naota/.rbenv/versions/2.5.1/include/ruby-2.5.0/x86_64-linux -I/home/naota/.rbenv/versions/2.5.1/include/ruby-2.5.0/ruby/backward -I/home/naota/.rbenv/versions/2.5.1/include/ruby-2.5.0 -I. -I/var/www/rails/pfc-master/shared/bundle/ruby/2.5.0/gems/nokogiri-1.10.10/ports/x86_64-pc-linux-gnu/libxml2/2.9.10/include/libxml2 -I/var/www/rails/pfc-master/shared/bundle/ruby/2.5.0/gems/nokogiri-1.10.10/ports/x86_64-pc-linux-gnu/libxslt/1.1.34/include -I/var/www/rails/pfc-master/shared/bundle/ruby/2.5.0/gems/nokogiri-1.10.10/ports/x86_64-pc-linux-gnu/libxml2/2.9.10/include/libxml2 -I/home/naota/.rbenv/versions/2.5.1/include    "-DNOKOGIRI_LIBXML2_PATH=\"/var/www/rails/pfc-master/shared/bundle/ruby/2.5.0/gems/nokogiri-1.10.10/ports/x86_64-pc-linux-gnu/libxml2/2.9.10\"" "-DNOKOGIRI_LIBXML2_PATCHES=\"0001-Revert-Do-not-URI-escape-in-server-side-includes.patch 0002-Remove-script-macro-support.patch 0003-Update-entities-to-remove-handling-of-ssi.patch 0004-libxml2.la-is-in-top_builddir.patch 0005-Fix-infinite-loop-in-xmlStringLenDecodeEntities.patch\"" "-DNOKOGIRI_LIBXSLT_PATH=\"/var/www/rails/pfc-master/shared/bundle/ruby/2.5.0/gems/nokogiri-1.10.10/ports/x86_64-pc-linux-gnu/libxslt/1.1.34\"" "-DNOKOGIRI_LIBXSLT_PATCHES=\"\"" -O3 -ggdb3 -Wall -Wextra -Wno-unused-parameter -Wno-parentheses -Wno-long-long -Wno-missing-field-initializers -Wno-tautological-compare -Wno-parentheses-equality -Wno-constant-logical-operand -Wno-self-assign -Wunused-variable -Wimplicit-int -Wpointer-arith -Wwrite-strings -Wdeclaration-after-statement -Wimplicit-function-declaration -Wdeprecated-declarations -Wmisleading-indentation -Wno-packed-bitfield-compat -Wsuggest-attribute=noreturn -Wsuggest-attribute=format -Wimplicit-fallthrough=0 -Wduplicated-cond -Wrestrict  -fPIC  -g -DXP_UNIX -O3 -Wall -Wcast-qual -Wwrite-strings -Wmissing-noreturn -Winline -DNOKOGIRI_USE_PACKAGED_LIBRARIES conftest.c  -L. -L/home/naota/.rbenv/versions/2.5.1/lib -Wl,-rpath,/home/naota/.rbenv/versions/2.5.1/lib -L/var/www/rails/pfc-master/shared/bundle/ruby/2.5.0/gems/nokogiri-1.10.10/ports/x86_64-pc-linux-gnu/libxml2/2.9.10/lib -Wl,-rpath,/var/www/rails/pfc-master/shared/bundle/ruby/2.5.0/gems/nokogiri-1.10.10/ports/x86_64-pc-linux-gnu/libxml2/2.9.10/lib -L/var/www/rails/pfc-master/shared/bundle/ruby/2.5.0/gems/nokogiri-1.10.10/ports/x86_64-pc-linux-gnu/libxslt/1.1.34/lib -Wl,-rpath,/var/www/rails/pfc-master/shared/bundle/ruby/2.5.0/gems/nokogiri-1.10.10/ports/x86_64-pc-linux-gnu/libxslt/1.1.34/lib -L. -L/home/naota/.rbenv/versions/2.5.1/lib  -fstack-protector -rdynamic -Wl,-export-dynamic    /var/www/rails/pfc-master/shared/bundle/ruby/2.5.0/gems/nokogiri-1.10.10/ports/x86_64-pc-linux-gnu/libxslt/1.1.34/lib/libexslt.a -lm -ldl -llzma -lz /var/www/rails/pfc-master/shared/bundle/ruby/2.5.0/gems/nokogiri-1.10.10/ports/x86_64-pc-linux-gnu/libxml2/2.9.10/lib/libxml2.a /var/www/rails/pfc-master/shared/bundle/ruby/2.5.0/gems/nokogiri-1.10.10/ports/x86_64-pc-linux-gnu/libxslt/1.1.34/lib/libxslt.a -ldl -lm -llzma -lz /var/www/rails/pfc-master/shared/bundle/ruby/2.5.0/gems/nokogiri-1.10.10/ports/x86_64-pc-linux-gnu/libxml2/2.9.10/lib/libxml2.a -llzma -Wl,-rpath,/home/naota/.rbenv/versions/2.5.1/lib -L/home/naota/.rbenv/versions/2.5.1/lib -lruby /var/www/rails/pfc-master/shared/bundle/ruby/2.5.0/gems/nokogiri-1.10.10/ports/x86_64-pc-linux-gnu/libxslt/1.1.34/lib/libexslt.a -lm -ldl -llzma -lz /var/www/rails/pfc-master/shared/bundle/ruby/2.5.0/gems/nokogiri-1.10.10/ports/x86_64-pc-linux-gnu/libxml2/2.9.10/lib/libxml2.a /var/www/rails/pfc-master/shared/bundle/ruby/2.5.0/gems/nokogiri-1.10.10/ports/x86_64-pc-linux-gnu/libxslt/1.1.34/lib/libxslt.a -ldl -lm -llzma -lz /var/www/rails/pfc-master/shared/bundle/ruby/2.5.0/gems/nokogiri-1.10.10/ports/x86_64-pc-linux-gnu/libxml2/2.9.10/lib/libxml2.a -llzma -lpthread -ldl -lcrypt -lm   -lc "
conftest.c: 関数 ‘t’ 内:
conftest.c:15:57: エラー: ‘xsltParseStylesheetDoc’ が宣言されていません (この関数内での最初の使用)
 int t(void) { void ((*volatile p)()); p = (void ((*)()))xsltParseStylesheetDoc; return !p; }
                                                         ^~~~~~~~~~~~~~~~~~~~~~
conftest.c:15:57: 備考: 未宣言の識別子は出現した各関数内で一回のみ報告されます
conftest.c: トップレベル:
cc1: 警告: 認識できないコマンドラインオプション ‘-Wno-self-assign’ です
cc1: 警告: 認識できないコマンドラインオプション ‘-Wno-constant-logical-operand’ です
cc1: 警告: 認識できないコマンドラインオプション ‘-Wno-parentheses-equality’ です
checked program was:
/* begin */
 1: #include "ruby.h"
 2: 
 3: #include <libxslt/xslt.h>
 4: 
 5: /*top*/
 6: extern int t(void);
 7: int main(int argc, char **argv)
 8: {
 9:   if (argc > 1000000) {
10:     printf("%p", &t);
11:   }
12: 
13:   return 0;
14: }
15: int t(void) { void ((*volatile p)()); p = (void ((*)()))xsltParseStylesheetDoc; return !p; }
/* end */

"gcc -o conftest -I/home/naota/.rbenv/versions/2.5.1/include/ruby-2.5.0/x86_64-linux -I/home/naota/.rbenv/versions/2.5.1/include/ruby-2.5.0/ruby/backward -I/home/naota/.rbenv/versions/2.5.1/include/ruby-2.5.0 -I. -I/var/www/rails/pfc-master/shared/bundle/ruby/2.5.0/gems/nokogiri-1.10.10/ports/x86_64-pc-linux-gnu/libxml2/2.9.10/include/libxml2 -I/var/www/rails/pfc-master/shared/bundle/ruby/2.5.0/gems/nokogiri-1.10.10/ports/x86_64-pc-linux-gnu/libxslt/1.1.34/include -I/var/www/rails/pfc-master/shared/bundle/ruby/2.5.0/gems/nokogiri-1.10.10/ports/x86_64-pc-linux-gnu/libxml2/2.9.10/include/libxml2 -I/home/naota/.rbenv/versions/2.5.1/include    "-DNOKOGIRI_LIBXML2_PATH=\"/var/www/rails/pfc-master/shared/bundle/ruby/2.5.0/gems/nokogiri-1.10.10/ports/x86_64-pc-linux-gnu/libxml2/2.9.10\"" "-DNOKOGIRI_LIBXML2_PATCHES=\"0001-Revert-Do-not-URI-escape-in-server-side-includes.patch 0002-Remove-script-macro-support.patch 0003-Update-entities-to-remove-handling-of-ssi.patch 0004-libxml2.la-is-in-top_builddir.patch 0005-Fix-infinite-loop-in-xmlStringLenDecodeEntities.patch\"" "-DNOKOGIRI_LIBXSLT_PATH=\"/var/www/rails/pfc-master/shared/bundle/ruby/2.5.0/gems/nokogiri-1.10.10/ports/x86_64-pc-linux-gnu/libxslt/1.1.34\"" "-DNOKOGIRI_LIBXSLT_PATCHES=\"\"" -O3 -ggdb3 -Wall -Wextra -Wno-unused-parameter -Wno-parentheses -Wno-long-long -Wno-missing-field-initializers -Wno-tautological-compare -Wno-parentheses-equality -Wno-constant-logical-operand -Wno-self-assign -Wunused-variable -Wimplicit-int -Wpointer-arith -Wwrite-strings -Wdeclaration-after-statement -Wimplicit-function-declaration -Wdeprecated-declarations -Wmisleading-indentation -Wno-packed-bitfield-compat -Wsuggest-attribute=noreturn -Wsuggest-attribute=format -Wimplicit-fallthrough=0 -Wduplicated-cond -Wrestrict  -fPIC  -g -DXP_UNIX -O3 -Wall -Wcast-qual -Wwrite-strings -Wmissing-noreturn -Winline -DNOKOGIRI_USE_PACKAGED_LIBRARIES conftest.c  -L. -L/home/naota/.rbenv/versions/2.5.1/lib -Wl,-rpath,/home/naota/.rbenv/versions/2.5.1/lib -L/var/www/rails/pfc-master/shared/bundle/ruby/2.5.0/gems/nokogiri-1.10.10/ports/x86_64-pc-linux-gnu/libxml2/2.9.10/lib -Wl,-rpath,/var/www/rails/pfc-master/shared/bundle/ruby/2.5.0/gems/nokogiri-1.10.10/ports/x86_64-pc-linux-gnu/libxml2/2.9.10/lib -L/var/www/rails/pfc-master/shared/bundle/ruby/2.5.0/gems/nokogiri-1.10.10/ports/x86_64-pc-linux-gnu/libxslt/1.1.34/lib -Wl,-rpath,/var/www/rails/pfc-master/shared/bundle/ruby/2.5.0/gems/nokogiri-1.10.10/ports/x86_64-pc-linux-gnu/libxslt/1.1.34/lib -L. -L/home/naota/.rbenv/versions/2.5.1/lib  -fstack-protector -rdynamic -Wl,-export-dynamic    /var/www/rails/pfc-master/shared/bundle/ruby/2.5.0/gems/nokogiri-1.10.10/ports/x86_64-pc-linux-gnu/libxslt/1.1.34/lib/libexslt.a -lm -ldl -llzma -lz /var/www/rails/pfc-master/shared/bundle/ruby/2.5.0/gems/nokogiri-1.10.10/ports/x86_64-pc-linux-gnu/libxml2/2.9.10/lib/libxml2.a /var/www/rails/pfc-master/shared/bundle/ruby/2.5.0/gems/nokogiri-1.10.10/ports/x86_64-pc-linux-gnu/libxslt/1.1.34/lib/libxslt.a -ldl -lm -llzma -lz /var/www/rails/pfc-master/shared/bundle/ruby/2.5.0/gems/nokogiri-1.10.10/ports/x86_64-pc-linux-gnu/libxml2/2.9.10/lib/libxml2.a -llzma -Wl,-rpath,/home/naota/.rbenv/versions/2.5.1/lib -L/home/naota/.rbenv/versions/2.5.1/lib -lruby /var/www/rails/pfc-master/shared/bundle/ruby/2.5.0/gems/nokogiri-1.10.10/ports/x86_64-pc-linux-gnu/libxslt/1.1.34/lib/libexslt.a -lm -ldl -llzma -lz /var/www/rails/pfc-master/shared/bundle/ruby/2.5.0/gems/nokogiri-1.10.10/ports/x86_64-pc-linux-gnu/libxml2/2.9.10/lib/libxml2.a /var/www/rails/pfc-master/shared/bundle/ruby/2.5.0/gems/nokogiri-1.10.10/ports/x86_64-pc-linux-gnu/libxslt/1.1.34/lib/libxslt.a -ldl -lm -llzma -lz /var/www/rails/pfc-master/shared/bundle/ruby/2.5.0/gems/nokogiri-1.10.10/ports/x86_64-pc-linux-gnu/libxml2/2.9.10/lib/libxml2.a -llzma -lpthread -ldl -lcrypt -lm   -lc "
checked program was:
/* begin */
 1: #include "ruby.h"
 2: 
 3: #include <libxslt/xslt.h>
 4: 
 5: /*top*/
 6: extern int t(void);
 7: int main(int argc, char **argv)
 8: {
 9:   if (argc > 1000000) {
10:     printf("%p", &t);
11:   }
12: 
13:   return 0;
14: }
15: extern void xsltParseStylesheetDoc();
16: int t(void) { xsltParseStylesheetDoc(); return 0; }
/* end */

--------------------

have_func: checking for exsltFuncRegister() in libexslt/exslt.h... -------------------- yes

"gcc -o conftest -I/home/naota/.rbenv/versions/2.5.1/include/ruby-2.5.0/x86_64-linux -I/home/naota/.rbenv/versions/2.5.1/include/ruby-2.5.0/ruby/backward -I/home/naota/.rbenv/versions/2.5.1/include/ruby-2.5.0 -I. -I/var/www/rails/pfc-master/shared/bundle/ruby/2.5.0/gems/nokogiri-1.10.10/ports/x86_64-pc-linux-gnu/libxml2/2.9.10/include/libxml2 -I/var/www/rails/pfc-master/shared/bundle/ruby/2.5.0/gems/nokogiri-1.10.10/ports/x86_64-pc-linux-gnu/libxslt/1.1.34/include -I/var/www/rails/pfc-master/shared/bundle/ruby/2.5.0/gems/nokogiri-1.10.10/ports/x86_64-pc-linux-gnu/libxml2/2.9.10/include/libxml2 -I/home/naota/.rbenv/versions/2.5.1/include    "-DNOKOGIRI_LIBXML2_PATH=\"/var/www/rails/pfc-master/shared/bundle/ruby/2.5.0/gems/nokogiri-1.10.10/ports/x86_64-pc-linux-gnu/libxml2/2.9.10\"" "-DNOKOGIRI_LIBXML2_PATCHES=\"0001-Revert-Do-not-URI-escape-in-server-side-includes.patch 0002-Remove-script-macro-support.patch 0003-Update-entities-to-remove-handling-of-ssi.patch 0004-libxml2.la-is-in-top_builddir.patch 0005-Fix-infinite-loop-in-xmlStringLenDecodeEntities.patch\"" "-DNOKOGIRI_LIBXSLT_PATH=\"/var/www/rails/pfc-master/shared/bundle/ruby/2.5.0/gems/nokogiri-1.10.10/ports/x86_64-pc-linux-gnu/libxslt/1.1.34\"" "-DNOKOGIRI_LIBXSLT_PATCHES=\"\"" -O3 -ggdb3 -Wall -Wextra -Wno-unused-parameter -Wno-parentheses -Wno-long-long -Wno-missing-field-initializers -Wno-tautological-compare -Wno-parentheses-equality -Wno-constant-logical-operand -Wno-self-assign -Wunused-variable -Wimplicit-int -Wpointer-arith -Wwrite-strings -Wdeclaration-after-statement -Wimplicit-function-declaration -Wdeprecated-declarations -Wmisleading-indentation -Wno-packed-bitfield-compat -Wsuggest-attribute=noreturn -Wsuggest-attribute=format -Wimplicit-fallthrough=0 -Wduplicated-cond -Wrestrict  -fPIC  -g -DXP_UNIX -O3 -Wall -Wcast-qual -Wwrite-strings -Wmissing-noreturn -Winline -DNOKOGIRI_USE_PACKAGED_LIBRARIES conftest.c  -L. -L/home/naota/.rbenv/versions/2.5.1/lib -Wl,-rpath,/home/naota/.rbenv/versions/2.5.1/lib -L/var/www/rails/pfc-master/shared/bundle/ruby/2.5.0/gems/nokogiri-1.10.10/ports/x86_64-pc-linux-gnu/libxml2/2.9.10/lib -Wl,-rpath,/var/www/rails/pfc-master/shared/bundle/ruby/2.5.0/gems/nokogiri-1.10.10/ports/x86_64-pc-linux-gnu/libxml2/2.9.10/lib -L/var/www/rails/pfc-master/shared/bundle/ruby/2.5.0/gems/nokogiri-1.10.10/ports/x86_64-pc-linux-gnu/libxslt/1.1.34/lib -Wl,-rpath,/var/www/rails/pfc-master/shared/bundle/ruby/2.5.0/gems/nokogiri-1.10.10/ports/x86_64-pc-linux-gnu/libxslt/1.1.34/lib -L. -L/home/naota/.rbenv/versions/2.5.1/lib  -fstack-protector -rdynamic -Wl,-export-dynamic    /var/www/rails/pfc-master/shared/bundle/ruby/2.5.0/gems/nokogiri-1.10.10/ports/x86_64-pc-linux-gnu/libxslt/1.1.34/lib/libexslt.a -lm -ldl -llzma -lz /var/www/rails/pfc-master/shared/bundle/ruby/2.5.0/gems/nokogiri-1.10.10/ports/x86_64-pc-linux-gnu/libxml2/2.9.10/lib/libxml2.a /var/www/rails/pfc-master/shared/bundle/ruby/2.5.0/gems/nokogiri-1.10.10/ports/x86_64-pc-linux-gnu/libxslt/1.1.34/lib/libxslt.a -ldl -lm -llzma -lz /var/www/rails/pfc-master/shared/bundle/ruby/2.5.0/gems/nokogiri-1.10.10/ports/x86_64-pc-linux-gnu/libxml2/2.9.10/lib/libxml2.a -llzma -Wl,-rpath,/home/naota/.rbenv/versions/2.5.1/lib -L/home/naota/.rbenv/versions/2.5.1/lib -lruby /var/www/rails/pfc-master/shared/bundle/ruby/2.5.0/gems/nokogiri-1.10.10/ports/x86_64-pc-linux-gnu/libxslt/1.1.34/lib/libexslt.a -lm -ldl -llzma -lz /var/www/rails/pfc-master/shared/bundle/ruby/2.5.0/gems/nokogiri-1.10.10/ports/x86_64-pc-linux-gnu/libxml2/2.9.10/lib/libxml2.a /var/www/rails/pfc-master/shared/bundle/ruby/2.5.0/gems/nokogiri-1.10.10/ports/x86_64-pc-linux-gnu/libxslt/1.1.34/lib/libxslt.a -ldl -lm -llzma -lz /var/www/rails/pfc-master/shared/bundle/ruby/2.5.0/gems/nokogiri-1.10.10/ports/x86_64-pc-linux-gnu/libxml2/2.9.10/lib/libxml2.a -llzma -lpthread -ldl -lcrypt -lm   -lc "
checked program was:
/* begin */
 1: #include "ruby.h"
 2: 
 3: #include <libexslt/exslt.h>
 4: 
 5: /*top*/
 6: extern int t(void);
 7: int main(int argc, char **argv)
 8: {
 9:   if (argc > 1000000) {
10:     printf("%p", &t);
11:   }
12: 
13:   return 0;
14: }
15: int t(void) { void ((*volatile p)()); p = (void ((*)()))exsltFuncRegister; return !p; }
/* end */

--------------------

have_func: checking for xmlHasFeature()... -------------------- yes

"gcc -o conftest -I/home/naota/.rbenv/versions/2.5.1/include/ruby-2.5.0/x86_64-linux -I/home/naota/.rbenv/versions/2.5.1/include/ruby-2.5.0/ruby/backward -I/home/naota/.rbenv/versions/2.5.1/include/ruby-2.5.0 -I. -I/var/www/rails/pfc-master/shared/bundle/ruby/2.5.0/gems/nokogiri-1.10.10/ports/x86_64-pc-linux-gnu/libxml2/2.9.10/include/libxml2 -I/var/www/rails/pfc-master/shared/bundle/ruby/2.5.0/gems/nokogiri-1.10.10/ports/x86_64-pc-linux-gnu/libxslt/1.1.34/include -I/var/www/rails/pfc-master/shared/bundle/ruby/2.5.0/gems/nokogiri-1.10.10/ports/x86_64-pc-linux-gnu/libxml2/2.9.10/include/libxml2 -I/home/naota/.rbenv/versions/2.5.1/include    "-DNOKOGIRI_LIBXML2_PATH=\"/var/www/rails/pfc-master/shared/bundle/ruby/2.5.0/gems/nokogiri-1.10.10/ports/x86_64-pc-linux-gnu/libxml2/2.9.10\"" "-DNOKOGIRI_LIBXML2_PATCHES=\"0001-Revert-Do-not-URI-escape-in-server-side-includes.patch 0002-Remove-script-macro-support.patch 0003-Update-entities-to-remove-handling-of-ssi.patch 0004-libxml2.la-is-in-top_builddir.patch 0005-Fix-infinite-loop-in-xmlStringLenDecodeEntities.patch\"" "-DNOKOGIRI_LIBXSLT_PATH=\"/var/www/rails/pfc-master/shared/bundle/ruby/2.5.0/gems/nokogiri-1.10.10/ports/x86_64-pc-linux-gnu/libxslt/1.1.34\"" "-DNOKOGIRI_LIBXSLT_PATCHES=\"\"" -O3 -ggdb3 -Wall -Wextra -Wno-unused-parameter -Wno-parentheses -Wno-long-long -Wno-missing-field-initializers -Wno-tautological-compare -Wno-parentheses-equality -Wno-constant-logical-operand -Wno-self-assign -Wunused-variable -Wimplicit-int -Wpointer-arith -Wwrite-strings -Wdeclaration-after-statement -Wimplicit-function-declaration -Wdeprecated-declarations -Wmisleading-indentation -Wno-packed-bitfield-compat -Wsuggest-attribute=noreturn -Wsuggest-attribute=format -Wimplicit-fallthrough=0 -Wduplicated-cond -Wrestrict  -fPIC  -g -DXP_UNIX -O3 -Wall -Wcast-qual -Wwrite-strings -Wmissing-noreturn -Winline -DNOKOGIRI_USE_PACKAGED_LIBRARIES conftest.c  -L. -L/home/naota/.rbenv/versions/2.5.1/lib -Wl,-rpath,/home/naota/.rbenv/versions/2.5.1/lib -L/var/www/rails/pfc-master/shared/bundle/ruby/2.5.0/gems/nokogiri-1.10.10/ports/x86_64-pc-linux-gnu/libxml2/2.9.10/lib -Wl,-rpath,/var/www/rails/pfc-master/shared/bundle/ruby/2.5.0/gems/nokogiri-1.10.10/ports/x86_64-pc-linux-gnu/libxml2/2.9.10/lib -L/var/www/rails/pfc-master/shared/bundle/ruby/2.5.0/gems/nokogiri-1.10.10/ports/x86_64-pc-linux-gnu/libxslt/1.1.34/lib -Wl,-rpath,/var/www/rails/pfc-master/shared/bundle/ruby/2.5.0/gems/nokogiri-1.10.10/ports/x86_64-pc-linux-gnu/libxslt/1.1.34/lib -L. -L/home/naota/.rbenv/versions/2.5.1/lib  -fstack-protector -rdynamic -Wl,-export-dynamic    /var/www/rails/pfc-master/shared/bundle/ruby/2.5.0/gems/nokogiri-1.10.10/ports/x86_64-pc-linux-gnu/libxslt/1.1.34/lib/libexslt.a -lm -ldl -llzma -lz /var/www/rails/pfc-master/shared/bundle/ruby/2.5.0/gems/nokogiri-1.10.10/ports/x86_64-pc-linux-gnu/libxml2/2.9.10/lib/libxml2.a /var/www/rails/pfc-master/shared/bundle/ruby/2.5.0/gems/nokogiri-1.10.10/ports/x86_64-pc-linux-gnu/libxslt/1.1.34/lib/libxslt.a -ldl -lm -llzma -lz /var/www/rails/pfc-master/shared/bundle/ruby/2.5.0/gems/nokogiri-1.10.10/ports/x86_64-pc-linux-gnu/libxml2/2.9.10/lib/libxml2.a -llzma -Wl,-rpath,/home/naota/.rbenv/versions/2.5.1/lib -L/home/naota/.rbenv/versions/2.5.1/lib -lruby /var/www/rails/pfc-master/shared/bundle/ruby/2.5.0/gems/nokogiri-1.10.10/ports/x86_64-pc-linux-gnu/libxslt/1.1.34/lib/libexslt.a -lm -ldl -llzma -lz /var/www/rails/pfc-master/shared/bundle/ruby/2.5.0/gems/nokogiri-1.10.10/ports/x86_64-pc-linux-gnu/libxml2/2.9.10/lib/libxml2.a /var/www/rails/pfc-master/shared/bundle/ruby/2.5.0/gems/nokogiri-1.10.10/ports/x86_64-pc-linux-gnu/libxslt/1.1.34/lib/libxslt.a -ldl -lm -llzma -lz /var/www/rails/pfc-master/shared/bundle/ruby/2.5.0/gems/nokogiri-1.10.10/ports/x86_64-pc-linux-gnu/libxml2/2.9.10/lib/libxml2.a -llzma -lpthread -ldl -lcrypt -lm   -lc "
conftest.c: 関数 ‘t’ 内:
conftest.c:13:57: エラー: ‘xmlHasFeature’ が宣言されていません (この関数内での最初の使用)
 int t(void) { void ((*volatile p)()); p = (void ((*)()))xmlHasFeature; return !p; }
                                                         ^~~~~~~~~~~~~
conftest.c:13:57: 備考: 未宣言の識別子は出現した各関数内で一回のみ報告されます
conftest.c: トップレベル:
cc1: 警告: 認識できないコマンドラインオプション ‘-Wno-self-assign’ です
cc1: 警告: 認識できないコマンドラインオプション ‘-Wno-constant-logical-operand’ です
cc1: 警告: 認識できないコマンドラインオプション ‘-Wno-parentheses-equality’ です
checked program was:
/* begin */
 1: #include "ruby.h"
 2: 
 3: /*top*/
 4: extern int t(void);
 5: int main(int argc, char **argv)
 6: {
 7:   if (argc > 1000000) {
 8:     printf("%p", &t);
 9:   }
10: 
11:   return 0;
12: }
13: int t(void) { void ((*volatile p)()); p = (void ((*)()))xmlHasFeature; return !p; }
/* end */

"gcc -o conftest -I/home/naota/.rbenv/versions/2.5.1/include/ruby-2.5.0/x86_64-linux -I/home/naota/.rbenv/versions/2.5.1/include/ruby-2.5.0/ruby/backward -I/home/naota/.rbenv/versions/2.5.1/include/ruby-2.5.0 -I. -I/var/www/rails/pfc-master/shared/bundle/ruby/2.5.0/gems/nokogiri-1.10.10/ports/x86_64-pc-linux-gnu/libxml2/2.9.10/include/libxml2 -I/var/www/rails/pfc-master/shared/bundle/ruby/2.5.0/gems/nokogiri-1.10.10/ports/x86_64-pc-linux-gnu/libxslt/1.1.34/include -I/var/www/rails/pfc-master/shared/bundle/ruby/2.5.0/gems/nokogiri-1.10.10/ports/x86_64-pc-linux-gnu/libxml2/2.9.10/include/libxml2 -I/home/naota/.rbenv/versions/2.5.1/include    "-DNOKOGIRI_LIBXML2_PATH=\"/var/www/rails/pfc-master/shared/bundle/ruby/2.5.0/gems/nokogiri-1.10.10/ports/x86_64-pc-linux-gnu/libxml2/2.9.10\"" "-DNOKOGIRI_LIBXML2_PATCHES=\"0001-Revert-Do-not-URI-escape-in-server-side-includes.patch 0002-Remove-script-macro-support.patch 0003-Update-entities-to-remove-handling-of-ssi.patch 0004-libxml2.la-is-in-top_builddir.patch 0005-Fix-infinite-loop-in-xmlStringLenDecodeEntities.patch\"" "-DNOKOGIRI_LIBXSLT_PATH=\"/var/www/rails/pfc-master/shared/bundle/ruby/2.5.0/gems/nokogiri-1.10.10/ports/x86_64-pc-linux-gnu/libxslt/1.1.34\"" "-DNOKOGIRI_LIBXSLT_PATCHES=\"\"" -O3 -ggdb3 -Wall -Wextra -Wno-unused-parameter -Wno-parentheses -Wno-long-long -Wno-missing-field-initializers -Wno-tautological-compare -Wno-parentheses-equality -Wno-constant-logical-operand -Wno-self-assign -Wunused-variable -Wimplicit-int -Wpointer-arith -Wwrite-strings -Wdeclaration-after-statement -Wimplicit-function-declaration -Wdeprecated-declarations -Wmisleading-indentation -Wno-packed-bitfield-compat -Wsuggest-attribute=noreturn -Wsuggest-attribute=format -Wimplicit-fallthrough=0 -Wduplicated-cond -Wrestrict  -fPIC  -g -DXP_UNIX -O3 -Wall -Wcast-qual -Wwrite-strings -Wmissing-noreturn -Winline -DNOKOGIRI_USE_PACKAGED_LIBRARIES conftest.c  -L. -L/home/naota/.rbenv/versions/2.5.1/lib -Wl,-rpath,/home/naota/.rbenv/versions/2.5.1/lib -L/var/www/rails/pfc-master/shared/bundle/ruby/2.5.0/gems/nokogiri-1.10.10/ports/x86_64-pc-linux-gnu/libxml2/2.9.10/lib -Wl,-rpath,/var/www/rails/pfc-master/shared/bundle/ruby/2.5.0/gems/nokogiri-1.10.10/ports/x86_64-pc-linux-gnu/libxml2/2.9.10/lib -L/var/www/rails/pfc-master/shared/bundle/ruby/2.5.0/gems/nokogiri-1.10.10/ports/x86_64-pc-linux-gnu/libxslt/1.1.34/lib -Wl,-rpath,/var/www/rails/pfc-master/shared/bundle/ruby/2.5.0/gems/nokogiri-1.10.10/ports/x86_64-pc-linux-gnu/libxslt/1.1.34/lib -L. -L/home/naota/.rbenv/versions/2.5.1/lib  -fstack-protector -rdynamic -Wl,-export-dynamic    /var/www/rails/pfc-master/shared/bundle/ruby/2.5.0/gems/nokogiri-1.10.10/ports/x86_64-pc-linux-gnu/libxslt/1.1.34/lib/libexslt.a -lm -ldl -llzma -lz /var/www/rails/pfc-master/shared/bundle/ruby/2.5.0/gems/nokogiri-1.10.10/ports/x86_64-pc-linux-gnu/libxml2/2.9.10/lib/libxml2.a /var/www/rails/pfc-master/shared/bundle/ruby/2.5.0/gems/nokogiri-1.10.10/ports/x86_64-pc-linux-gnu/libxslt/1.1.34/lib/libxslt.a -ldl -lm -llzma -lz /var/www/rails/pfc-master/shared/bundle/ruby/2.5.0/gems/nokogiri-1.10.10/ports/x86_64-pc-linux-gnu/libxml2/2.9.10/lib/libxml2.a -llzma -Wl,-rpath,/home/naota/.rbenv/versions/2.5.1/lib -L/home/naota/.rbenv/versions/2.5.1/lib -lruby /var/www/rails/pfc-master/shared/bundle/ruby/2.5.0/gems/nokogiri-1.10.10/ports/x86_64-pc-linux-gnu/libxslt/1.1.34/lib/libexslt.a -lm -ldl -llzma -lz /var/www/rails/pfc-master/shared/bundle/ruby/2.5.0/gems/nokogiri-1.10.10/ports/x86_64-pc-linux-gnu/libxml2/2.9.10/lib/libxml2.a /var/www/rails/pfc-master/shared/bundle/ruby/2.5.0/gems/nokogiri-1.10.10/ports/x86_64-pc-linux-gnu/libxslt/1.1.34/lib/libxslt.a -ldl -lm -llzma -lz /var/www/rails/pfc-master/shared/bundle/ruby/2.5.0/gems/nokogiri-1.10.10/ports/x86_64-pc-linux-gnu/libxml2/2.9.10/lib/libxml2.a -llzma -lpthread -ldl -lcrypt -lm   -lc "
checked program was:
/* begin */
 1: #include "ruby.h"
 2: 
 3: /*top*/
 4: extern int t(void);
 5: int main(int argc, char **argv)
 6: {
 7:   if (argc > 1000000) {
 8:     printf("%p", &t);
 9:   }
10: 
11:   return 0;
12: }
13: extern void xmlHasFeature();
14: int t(void) { xmlHasFeature(); return 0; }
/* end */

--------------------

have_func: checking for xmlFirstElementChild()... -------------------- yes

"gcc -o conftest -I/home/naota/.rbenv/versions/2.5.1/include/ruby-2.5.0/x86_64-linux -I/home/naota/.rbenv/versions/2.5.1/include/ruby-2.5.0/ruby/backward -I/home/naota/.rbenv/versions/2.5.1/include/ruby-2.5.0 -I. -I/var/www/rails/pfc-master/shared/bundle/ruby/2.5.0/gems/nokogiri-1.10.10/ports/x86_64-pc-linux-gnu/libxml2/2.9.10/include/libxml2 -I/var/www/rails/pfc-master/shared/bundle/ruby/2.5.0/gems/nokogiri-1.10.10/ports/x86_64-pc-linux-gnu/libxslt/1.1.34/include -I/var/www/rails/pfc-master/shared/bundle/ruby/2.5.0/gems/nokogiri-1.10.10/ports/x86_64-pc-linux-gnu/libxml2/2.9.10/include/libxml2 -I/home/naota/.rbenv/versions/2.5.1/include    "-DNOKOGIRI_LIBXML2_PATH=\"/var/www/rails/pfc-master/shared/bundle/ruby/2.5.0/gems/nokogiri-1.10.10/ports/x86_64-pc-linux-gnu/libxml2/2.9.10\"" "-DNOKOGIRI_LIBXML2_PATCHES=\"0001-Revert-Do-not-URI-escape-in-server-side-includes.patch 0002-Remove-script-macro-support.patch 0003-Update-entities-to-remove-handling-of-ssi.patch 0004-libxml2.la-is-in-top_builddir.patch 0005-Fix-infinite-loop-in-xmlStringLenDecodeEntities.patch\"" "-DNOKOGIRI_LIBXSLT_PATH=\"/var/www/rails/pfc-master/shared/bundle/ruby/2.5.0/gems/nokogiri-1.10.10/ports/x86_64-pc-linux-gnu/libxslt/1.1.34\"" "-DNOKOGIRI_LIBXSLT_PATCHES=\"\"" -O3 -ggdb3 -Wall -Wextra -Wno-unused-parameter -Wno-parentheses -Wno-long-long -Wno-missing-field-initializers -Wno-tautological-compare -Wno-parentheses-equality -Wno-constant-logical-operand -Wno-self-assign -Wunused-variable -Wimplicit-int -Wpointer-arith -Wwrite-strings -Wdeclaration-after-statement -Wimplicit-function-declaration -Wdeprecated-declarations -Wmisleading-indentation -Wno-packed-bitfield-compat -Wsuggest-attribute=noreturn -Wsuggest-attribute=format -Wimplicit-fallthrough=0 -Wduplicated-cond -Wrestrict  -fPIC  -g -DXP_UNIX -O3 -Wall -Wcast-qual -Wwrite-strings -Wmissing-noreturn -Winline -DNOKOGIRI_USE_PACKAGED_LIBRARIES conftest.c  -L. -L/home/naota/.rbenv/versions/2.5.1/lib -Wl,-rpath,/home/naota/.rbenv/versions/2.5.1/lib -L/var/www/rails/pfc-master/shared/bundle/ruby/2.5.0/gems/nokogiri-1.10.10/ports/x86_64-pc-linux-gnu/libxml2/2.9.10/lib -Wl,-rpath,/var/www/rails/pfc-master/shared/bundle/ruby/2.5.0/gems/nokogiri-1.10.10/ports/x86_64-pc-linux-gnu/libxml2/2.9.10/lib -L/var/www/rails/pfc-master/shared/bundle/ruby/2.5.0/gems/nokogiri-1.10.10/ports/x86_64-pc-linux-gnu/libxslt/1.1.34/lib -Wl,-rpath,/var/www/rails/pfc-master/shared/bundle/ruby/2.5.0/gems/nokogiri-1.10.10/ports/x86_64-pc-linux-gnu/libxslt/1.1.34/lib -L. -L/home/naota/.rbenv/versions/2.5.1/lib  -fstack-protector -rdynamic -Wl,-export-dynamic    /var/www/rails/pfc-master/shared/bundle/ruby/2.5.0/gems/nokogiri-1.10.10/ports/x86_64-pc-linux-gnu/libxslt/1.1.34/lib/libexslt.a -lm -ldl -llzma -lz /var/www/rails/pfc-master/shared/bundle/ruby/2.5.0/gems/nokogiri-1.10.10/ports/x86_64-pc-linux-gnu/libxml2/2.9.10/lib/libxml2.a /var/www/rails/pfc-master/shared/bundle/ruby/2.5.0/gems/nokogiri-1.10.10/ports/x86_64-pc-linux-gnu/libxslt/1.1.34/lib/libxslt.a -ldl -lm -llzma -lz /var/www/rails/pfc-master/shared/bundle/ruby/2.5.0/gems/nokogiri-1.10.10/ports/x86_64-pc-linux-gnu/libxml2/2.9.10/lib/libxml2.a -llzma -Wl,-rpath,/home/naota/.rbenv/versions/2.5.1/lib -L/home/naota/.rbenv/versions/2.5.1/lib -lruby /var/www/rails/pfc-master/shared/bundle/ruby/2.5.0/gems/nokogiri-1.10.10/ports/x86_64-pc-linux-gnu/libxslt/1.1.34/lib/libexslt.a -lm -ldl -llzma -lz /var/www/rails/pfc-master/shared/bundle/ruby/2.5.0/gems/nokogiri-1.10.10/ports/x86_64-pc-linux-gnu/libxml2/2.9.10/lib/libxml2.a /var/www/rails/pfc-master/shared/bundle/ruby/2.5.0/gems/nokogiri-1.10.10/ports/x86_64-pc-linux-gnu/libxslt/1.1.34/lib/libxslt.a -ldl -lm -llzma -lz /var/www/rails/pfc-master/shared/bundle/ruby/2.5.0/gems/nokogiri-1.10.10/ports/x86_64-pc-linux-gnu/libxml2/2.9.10/lib/libxml2.a -llzma -lpthread -ldl -lcrypt -lm   -lc "
conftest.c: 関数 ‘t’ 内:
conftest.c:13:57: エラー: ‘xmlFirstElementChild’ が宣言されていません (この関数内での最初の使用)
 int t(void) { void ((*volatile p)()); p = (void ((*)()))xmlFirstElementChild; return !p; }
                                                         ^~~~~~~~~~~~~~~~~~~~
conftest.c:13:57: 備考: 未宣言の識別子は出現した各関数内で一回のみ報告されます
conftest.c: トップレベル:
cc1: 警告: 認識できないコマンドラインオプション ‘-Wno-self-assign’ です
cc1: 警告: 認識できないコマンドラインオプション ‘-Wno-constant-logical-operand’ です
cc1: 警告: 認識できないコマンドラインオプション ‘-Wno-parentheses-equality’ です
checked program was:
/* begin */
 1: #include "ruby.h"
 2: 
 3: /*top*/
 4: extern int t(void);
 5: int main(int argc, char **argv)
 6: {
 7:   if (argc > 1000000) {
 8:     printf("%p", &t);
 9:   }
10: 
11:   return 0;
12: }
13: int t(void) { void ((*volatile p)()); p = (void ((*)()))xmlFirstElementChild; return !p; }
/* end */

"gcc -o conftest -I/home/naota/.rbenv/versions/2.5.1/include/ruby-2.5.0/x86_64-linux -I/home/naota/.rbenv/versions/2.5.1/include/ruby-2.5.0/ruby/backward -I/home/naota/.rbenv/versions/2.5.1/include/ruby-2.5.0 -I. -I/var/www/rails/pfc-master/shared/bundle/ruby/2.5.0/gems/nokogiri-1.10.10/ports/x86_64-pc-linux-gnu/libxml2/2.9.10/include/libxml2 -I/var/www/rails/pfc-master/shared/bundle/ruby/2.5.0/gems/nokogiri-1.10.10/ports/x86_64-pc-linux-gnu/libxslt/1.1.34/include -I/var/www/rails/pfc-master/shared/bundle/ruby/2.5.0/gems/nokogiri-1.10.10/ports/x86_64-pc-linux-gnu/libxml2/2.9.10/include/libxml2 -I/home/naota/.rbenv/versions/2.5.1/include    "-DNOKOGIRI_LIBXML2_PATH=\"/var/www/rails/pfc-master/shared/bundle/ruby/2.5.0/gems/nokogiri-1.10.10/ports/x86_64-pc-linux-gnu/libxml2/2.9.10\"" "-DNOKOGIRI_LIBXML2_PATCHES=\"0001-Revert-Do-not-URI-escape-in-server-side-includes.patch 0002-Remove-script-macro-support.patch 0003-Update-entities-to-remove-handling-of-ssi.patch 0004-libxml2.la-is-in-top_builddir.patch 0005-Fix-infinite-loop-in-xmlStringLenDecodeEntities.patch\"" "-DNOKOGIRI_LIBXSLT_PATH=\"/var/www/rails/pfc-master/shared/bundle/ruby/2.5.0/gems/nokogiri-1.10.10/ports/x86_64-pc-linux-gnu/libxslt/1.1.34\"" "-DNOKOGIRI_LIBXSLT_PATCHES=\"\"" -O3 -ggdb3 -Wall -Wextra -Wno-unused-parameter -Wno-parentheses -Wno-long-long -Wno-missing-field-initializers -Wno-tautological-compare -Wno-parentheses-equality -Wno-constant-logical-operand -Wno-self-assign -Wunused-variable -Wimplicit-int -Wpointer-arith -Wwrite-strings -Wdeclaration-after-statement -Wimplicit-function-declaration -Wdeprecated-declarations -Wmisleading-indentation -Wno-packed-bitfield-compat -Wsuggest-attribute=noreturn -Wsuggest-attribute=format -Wimplicit-fallthrough=0 -Wduplicated-cond -Wrestrict  -fPIC  -g -DXP_UNIX -O3 -Wall -Wcast-qual -Wwrite-strings -Wmissing-noreturn -Winline -DNOKOGIRI_USE_PACKAGED_LIBRARIES conftest.c  -L. -L/home/naota/.rbenv/versions/2.5.1/lib -Wl,-rpath,/home/naota/.rbenv/versions/2.5.1/lib -L/var/www/rails/pfc-master/shared/bundle/ruby/2.5.0/gems/nokogiri-1.10.10/ports/x86_64-pc-linux-gnu/libxml2/2.9.10/lib -Wl,-rpath,/var/www/rails/pfc-master/shared/bundle/ruby/2.5.0/gems/nokogiri-1.10.10/ports/x86_64-pc-linux-gnu/libxml2/2.9.10/lib -L/var/www/rails/pfc-master/shared/bundle/ruby/2.5.0/gems/nokogiri-1.10.10/ports/x86_64-pc-linux-gnu/libxslt/1.1.34/lib -Wl,-rpath,/var/www/rails/pfc-master/shared/bundle/ruby/2.5.0/gems/nokogiri-1.10.10/ports/x86_64-pc-linux-gnu/libxslt/1.1.34/lib -L. -L/home/naota/.rbenv/versions/2.5.1/lib  -fstack-protector -rdynamic -Wl,-export-dynamic    /var/www/rails/pfc-master/shared/bundle/ruby/2.5.0/gems/nokogiri-1.10.10/ports/x86_64-pc-linux-gnu/libxslt/1.1.34/lib/libexslt.a -lm -ldl -llzma -lz /var/www/rails/pfc-master/shared/bundle/ruby/2.5.0/gems/nokogiri-1.10.10/ports/x86_64-pc-linux-gnu/libxml2/2.9.10/lib/libxml2.a /var/www/rails/pfc-master/shared/bundle/ruby/2.5.0/gems/nokogiri-1.10.10/ports/x86_64-pc-linux-gnu/libxslt/1.1.34/lib/libxslt.a -ldl -lm -llzma -lz /var/www/rails/pfc-master/shared/bundle/ruby/2.5.0/gems/nokogiri-1.10.10/ports/x86_64-pc-linux-gnu/libxml2/2.9.10/lib/libxml2.a -llzma -Wl,-rpath,/home/naota/.rbenv/versions/2.5.1/lib -L/home/naota/.rbenv/versions/2.5.1/lib -lruby /var/www/rails/pfc-master/shared/bundle/ruby/2.5.0/gems/nokogiri-1.10.10/ports/x86_64-pc-linux-gnu/libxslt/1.1.34/lib/libexslt.a -lm -ldl -llzma -lz /var/www/rails/pfc-master/shared/bundle/ruby/2.5.0/gems/nokogiri-1.10.10/ports/x86_64-pc-linux-gnu/libxml2/2.9.10/lib/libxml2.a /var/www/rails/pfc-master/shared/bundle/ruby/2.5.0/gems/nokogiri-1.10.10/ports/x86_64-pc-linux-gnu/libxslt/1.1.34/lib/libxslt.a -ldl -lm -llzma -lz /var/www/rails/pfc-master/shared/bundle/ruby/2.5.0/gems/nokogiri-1.10.10/ports/x86_64-pc-linux-gnu/libxml2/2.9.10/lib/libxml2.a -llzma -lpthread -ldl -lcrypt -lm   -lc "
checked program was:
/* begin */
 1: #include "ruby.h"
 2: 
 3: /*top*/
 4: extern int t(void);
 5: int main(int argc, char **argv)
 6: {
 7:   if (argc > 1000000) {
 8:     printf("%p", &t);
 9:   }
10: 
11:   return 0;
12: }
13: extern void xmlFirstElementChild();
14: int t(void) { xmlFirstElementChild(); return 0; }
/* end */

--------------------

have_func: checking for xmlRelaxNGSetParserStructuredErrors()... -------------------- yes

"gcc -o conftest -I/home/naota/.rbenv/versions/2.5.1/include/ruby-2.5.0/x86_64-linux -I/home/naota/.rbenv/versions/2.5.1/include/ruby-2.5.0/ruby/backward -I/home/naota/.rbenv/versions/2.5.1/include/ruby-2.5.0 -I. -I/var/www/rails/pfc-master/shared/bundle/ruby/2.5.0/gems/nokogiri-1.10.10/ports/x86_64-pc-linux-gnu/libxml2/2.9.10/include/libxml2 -I/var/www/rails/pfc-master/shared/bundle/ruby/2.5.0/gems/nokogiri-1.10.10/ports/x86_64-pc-linux-gnu/libxslt/1.1.34/include -I/var/www/rails/pfc-master/shared/bundle/ruby/2.5.0/gems/nokogiri-1.10.10/ports/x86_64-pc-linux-gnu/libxml2/2.9.10/include/libxml2 -I/home/naota/.rbenv/versions/2.5.1/include    "-DNOKOGIRI_LIBXML2_PATH=\"/var/www/rails/pfc-master/shared/bundle/ruby/2.5.0/gems/nokogiri-1.10.10/ports/x86_64-pc-linux-gnu/libxml2/2.9.10\"" "-DNOKOGIRI_LIBXML2_PATCHES=\"0001-Revert-Do-not-URI-escape-in-server-side-includes.patch 0002-Remove-script-macro-support.patch 0003-Update-entities-to-remove-handling-of-ssi.patch 0004-libxml2.la-is-in-top_builddir.patch 0005-Fix-infinite-loop-in-xmlStringLenDecodeEntities.patch\"" "-DNOKOGIRI_LIBXSLT_PATH=\"/var/www/rails/pfc-master/shared/bundle/ruby/2.5.0/gems/nokogiri-1.10.10/ports/x86_64-pc-linux-gnu/libxslt/1.1.34\"" "-DNOKOGIRI_LIBXSLT_PATCHES=\"\"" -O3 -ggdb3 -Wall -Wextra -Wno-unused-parameter -Wno-parentheses -Wno-long-long -Wno-missing-field-initializers -Wno-tautological-compare -Wno-parentheses-equality -Wno-constant-logical-operand -Wno-self-assign -Wunused-variable -Wimplicit-int -Wpointer-arith -Wwrite-strings -Wdeclaration-after-statement -Wimplicit-function-declaration -Wdeprecated-declarations -Wmisleading-indentation -Wno-packed-bitfield-compat -Wsuggest-attribute=noreturn -Wsuggest-attribute=format -Wimplicit-fallthrough=0 -Wduplicated-cond -Wrestrict  -fPIC  -g -DXP_UNIX -O3 -Wall -Wcast-qual -Wwrite-strings -Wmissing-noreturn -Winline -DNOKOGIRI_USE_PACKAGED_LIBRARIES conftest.c  -L. -L/home/naota/.rbenv/versions/2.5.1/lib -Wl,-rpath,/home/naota/.rbenv/versions/2.5.1/lib -L/var/www/rails/pfc-master/shared/bundle/ruby/2.5.0/gems/nokogiri-1.10.10/ports/x86_64-pc-linux-gnu/libxml2/2.9.10/lib -Wl,-rpath,/var/www/rails/pfc-master/shared/bundle/ruby/2.5.0/gems/nokogiri-1.10.10/ports/x86_64-pc-linux-gnu/libxml2/2.9.10/lib -L/var/www/rails/pfc-master/shared/bundle/ruby/2.5.0/gems/nokogiri-1.10.10/ports/x86_64-pc-linux-gnu/libxslt/1.1.34/lib -Wl,-rpath,/var/www/rails/pfc-master/shared/bundle/ruby/2.5.0/gems/nokogiri-1.10.10/ports/x86_64-pc-linux-gnu/libxslt/1.1.34/lib -L. -L/home/naota/.rbenv/versions/2.5.1/lib  -fstack-protector -rdynamic -Wl,-export-dynamic    /var/www/rails/pfc-master/shared/bundle/ruby/2.5.0/gems/nokogiri-1.10.10/ports/x86_64-pc-linux-gnu/libxslt/1.1.34/lib/libexslt.a -lm -ldl -llzma -lz /var/www/rails/pfc-master/shared/bundle/ruby/2.5.0/gems/nokogiri-1.10.10/ports/x86_64-pc-linux-gnu/libxml2/2.9.10/lib/libxml2.a /var/www/rails/pfc-master/shared/bundle/ruby/2.5.0/gems/nokogiri-1.10.10/ports/x86_64-pc-linux-gnu/libxslt/1.1.34/lib/libxslt.a -ldl -lm -llzma -lz /var/www/rails/pfc-master/shared/bundle/ruby/2.5.0/gems/nokogiri-1.10.10/ports/x86_64-pc-linux-gnu/libxml2/2.9.10/lib/libxml2.a -llzma -Wl,-rpath,/home/naota/.rbenv/versions/2.5.1/lib -L/home/naota/.rbenv/versions/2.5.1/lib -lruby /var/www/rails/pfc-master/shared/bundle/ruby/2.5.0/gems/nokogiri-1.10.10/ports/x86_64-pc-linux-gnu/libxslt/1.1.34/lib/libexslt.a -lm -ldl -llzma -lz /var/www/rails/pfc-master/shared/bundle/ruby/2.5.0/gems/nokogiri-1.10.10/ports/x86_64-pc-linux-gnu/libxml2/2.9.10/lib/libxml2.a /var/www/rails/pfc-master/shared/bundle/ruby/2.5.0/gems/nokogiri-1.10.10/ports/x86_64-pc-linux-gnu/libxslt/1.1.34/lib/libxslt.a -ldl -lm -llzma -lz /var/www/rails/pfc-master/shared/bundle/ruby/2.5.0/gems/nokogiri-1.10.10/ports/x86_64-pc-linux-gnu/libxml2/2.9.10/lib/libxml2.a -llzma -lpthread -ldl -lcrypt -lm   -lc "
conftest.c: 関数 ‘t’ 内:
conftest.c:13:57: エラー: ‘xmlRelaxNGSetParserStructuredErrors’ が宣言されていません (この関数内での最初の使用)
 int t(void) { void ((*volatile p)()); p = (void ((*)()))xmlRelaxNGSetParserStructuredErrors; return !p; }
                                                         ^~~~~~~~~~~~~~~~~~~~~~~~~~~~~~~~~~~
conftest.c:13:57: 備考: 未宣言の識別子は出現した各関数内で一回のみ報告されます
conftest.c: トップレベル:
cc1: 警告: 認識できないコマンドラインオプション ‘-Wno-self-assign’ です
cc1: 警告: 認識できないコマンドラインオプション ‘-Wno-constant-logical-operand’ です
cc1: 警告: 認識できないコマンドラインオプション ‘-Wno-parentheses-equality’ です
checked program was:
/* begin */
 1: #include "ruby.h"
 2: 
 3: /*top*/
 4: extern int t(void);
 5: int main(int argc, char **argv)
 6: {
 7:   if (argc > 1000000) {
 8:     printf("%p", &t);
 9:   }
10: 
11:   return 0;
12: }
13: int t(void) { void ((*volatile p)()); p = (void ((*)()))xmlRelaxNGSetParserStructuredErrors; return !p; }
/* end */

"gcc -o conftest -I/home/naota/.rbenv/versions/2.5.1/include/ruby-2.5.0/x86_64-linux -I/home/naota/.rbenv/versions/2.5.1/include/ruby-2.5.0/ruby/backward -I/home/naota/.rbenv/versions/2.5.1/include/ruby-2.5.0 -I. -I/var/www/rails/pfc-master/shared/bundle/ruby/2.5.0/gems/nokogiri-1.10.10/ports/x86_64-pc-linux-gnu/libxml2/2.9.10/include/libxml2 -I/var/www/rails/pfc-master/shared/bundle/ruby/2.5.0/gems/nokogiri-1.10.10/ports/x86_64-pc-linux-gnu/libxslt/1.1.34/include -I/var/www/rails/pfc-master/shared/bundle/ruby/2.5.0/gems/nokogiri-1.10.10/ports/x86_64-pc-linux-gnu/libxml2/2.9.10/include/libxml2 -I/home/naota/.rbenv/versions/2.5.1/include    "-DNOKOGIRI_LIBXML2_PATH=\"/var/www/rails/pfc-master/shared/bundle/ruby/2.5.0/gems/nokogiri-1.10.10/ports/x86_64-pc-linux-gnu/libxml2/2.9.10\"" "-DNOKOGIRI_LIBXML2_PATCHES=\"0001-Revert-Do-not-URI-escape-in-server-side-includes.patch 0002-Remove-script-macro-support.patch 0003-Update-entities-to-remove-handling-of-ssi.patch 0004-libxml2.la-is-in-top_builddir.patch 0005-Fix-infinite-loop-in-xmlStringLenDecodeEntities.patch\"" "-DNOKOGIRI_LIBXSLT_PATH=\"/var/www/rails/pfc-master/shared/bundle/ruby/2.5.0/gems/nokogiri-1.10.10/ports/x86_64-pc-linux-gnu/libxslt/1.1.34\"" "-DNOKOGIRI_LIBXSLT_PATCHES=\"\"" -O3 -ggdb3 -Wall -Wextra -Wno-unused-parameter -Wno-parentheses -Wno-long-long -Wno-missing-field-initializers -Wno-tautological-compare -Wno-parentheses-equality -Wno-constant-logical-operand -Wno-self-assign -Wunused-variable -Wimplicit-int -Wpointer-arith -Wwrite-strings -Wdeclaration-after-statement -Wimplicit-function-declaration -Wdeprecated-declarations -Wmisleading-indentation -Wno-packed-bitfield-compat -Wsuggest-attribute=noreturn -Wsuggest-attribute=format -Wimplicit-fallthrough=0 -Wduplicated-cond -Wrestrict  -fPIC  -g -DXP_UNIX -O3 -Wall -Wcast-qual -Wwrite-strings -Wmissing-noreturn -Winline -DNOKOGIRI_USE_PACKAGED_LIBRARIES conftest.c  -L. -L/home/naota/.rbenv/versions/2.5.1/lib -Wl,-rpath,/home/naota/.rbenv/versions/2.5.1/lib -L/var/www/rails/pfc-master/shared/bundle/ruby/2.5.0/gems/nokogiri-1.10.10/ports/x86_64-pc-linux-gnu/libxml2/2.9.10/lib -Wl,-rpath,/var/www/rails/pfc-master/shared/bundle/ruby/2.5.0/gems/nokogiri-1.10.10/ports/x86_64-pc-linux-gnu/libxml2/2.9.10/lib -L/var/www/rails/pfc-master/shared/bundle/ruby/2.5.0/gems/nokogiri-1.10.10/ports/x86_64-pc-linux-gnu/libxslt/1.1.34/lib -Wl,-rpath,/var/www/rails/pfc-master/shared/bundle/ruby/2.5.0/gems/nokogiri-1.10.10/ports/x86_64-pc-linux-gnu/libxslt/1.1.34/lib -L. -L/home/naota/.rbenv/versions/2.5.1/lib  -fstack-protector -rdynamic -Wl,-export-dynamic    /var/www/rails/pfc-master/shared/bundle/ruby/2.5.0/gems/nokogiri-1.10.10/ports/x86_64-pc-linux-gnu/libxslt/1.1.34/lib/libexslt.a -lm -ldl -llzma -lz /var/www/rails/pfc-master/shared/bundle/ruby/2.5.0/gems/nokogiri-1.10.10/ports/x86_64-pc-linux-gnu/libxml2/2.9.10/lib/libxml2.a /var/www/rails/pfc-master/shared/bundle/ruby/2.5.0/gems/nokogiri-1.10.10/ports/x86_64-pc-linux-gnu/libxslt/1.1.34/lib/libxslt.a -ldl -lm -llzma -lz /var/www/rails/pfc-master/shared/bundle/ruby/2.5.0/gems/nokogiri-1.10.10/ports/x86_64-pc-linux-gnu/libxml2/2.9.10/lib/libxml2.a -llzma -Wl,-rpath,/home/naota/.rbenv/versions/2.5.1/lib -L/home/naota/.rbenv/versions/2.5.1/lib -lruby /var/www/rails/pfc-master/shared/bundle/ruby/2.5.0/gems/nokogiri-1.10.10/ports/x86_64-pc-linux-gnu/libxslt/1.1.34/lib/libexslt.a -lm -ldl -llzma -lz /var/www/rails/pfc-master/shared/bundle/ruby/2.5.0/gems/nokogiri-1.10.10/ports/x86_64-pc-linux-gnu/libxml2/2.9.10/lib/libxml2.a /var/www/rails/pfc-master/shared/bundle/ruby/2.5.0/gems/nokogiri-1.10.10/ports/x86_64-pc-linux-gnu/libxslt/1.1.34/lib/libxslt.a -ldl -lm -llzma -lz /var/www/rails/pfc-master/shared/bundle/ruby/2.5.0/gems/nokogiri-1.10.10/ports/x86_64-pc-linux-gnu/libxml2/2.9.10/lib/libxml2.a -llzma -lpthread -ldl -lcrypt -lm   -lc "
checked program was:
/* begin */
 1: #include "ruby.h"
 2: 
 3: /*top*/
 4: extern int t(void);
 5: int main(int argc, char **argv)
 6: {
 7:   if (argc > 1000000) {
 8:     printf("%p", &t);
 9:   }
10: 
11:   return 0;
12: }
13: extern void xmlRelaxNGSetParserStructuredErrors();
14: int t(void) { xmlRelaxNGSetParserStructuredErrors(); return 0; }
/* end */

--------------------

have_func: checking for xmlRelaxNGSetParserStructuredErrors()... -------------------- yes

"gcc -o conftest -I/home/naota/.rbenv/versions/2.5.1/include/ruby-2.5.0/x86_64-linux -I/home/naota/.rbenv/versions/2.5.1/include/ruby-2.5.0/ruby/backward -I/home/naota/.rbenv/versions/2.5.1/include/ruby-2.5.0 -I. -I/var/www/rails/pfc-master/shared/bundle/ruby/2.5.0/gems/nokogiri-1.10.10/ports/x86_64-pc-linux-gnu/libxml2/2.9.10/include/libxml2 -I/var/www/rails/pfc-master/shared/bundle/ruby/2.5.0/gems/nokogiri-1.10.10/ports/x86_64-pc-linux-gnu/libxslt/1.1.34/include -I/var/www/rails/pfc-master/shared/bundle/ruby/2.5.0/gems/nokogiri-1.10.10/ports/x86_64-pc-linux-gnu/libxml2/2.9.10/include/libxml2 -I/home/naota/.rbenv/versions/2.5.1/include    "-DNOKOGIRI_LIBXML2_PATH=\"/var/www/rails/pfc-master/shared/bundle/ruby/2.5.0/gems/nokogiri-1.10.10/ports/x86_64-pc-linux-gnu/libxml2/2.9.10\"" "-DNOKOGIRI_LIBXML2_PATCHES=\"0001-Revert-Do-not-URI-escape-in-server-side-includes.patch 0002-Remove-script-macro-support.patch 0003-Update-entities-to-remove-handling-of-ssi.patch 0004-libxml2.la-is-in-top_builddir.patch 0005-Fix-infinite-loop-in-xmlStringLenDecodeEntities.patch\"" "-DNOKOGIRI_LIBXSLT_PATH=\"/var/www/rails/pfc-master/shared/bundle/ruby/2.5.0/gems/nokogiri-1.10.10/ports/x86_64-pc-linux-gnu/libxslt/1.1.34\"" "-DNOKOGIRI_LIBXSLT_PATCHES=\"\"" -O3 -ggdb3 -Wall -Wextra -Wno-unused-parameter -Wno-parentheses -Wno-long-long -Wno-missing-field-initializers -Wno-tautological-compare -Wno-parentheses-equality -Wno-constant-logical-operand -Wno-self-assign -Wunused-variable -Wimplicit-int -Wpointer-arith -Wwrite-strings -Wdeclaration-after-statement -Wimplicit-function-declaration -Wdeprecated-declarations -Wmisleading-indentation -Wno-packed-bitfield-compat -Wsuggest-attribute=noreturn -Wsuggest-attribute=format -Wimplicit-fallthrough=0 -Wduplicated-cond -Wrestrict  -fPIC  -g -DXP_UNIX -O3 -Wall -Wcast-qual -Wwrite-strings -Wmissing-noreturn -Winline -DNOKOGIRI_USE_PACKAGED_LIBRARIES conftest.c  -L. -L/home/naota/.rbenv/versions/2.5.1/lib -Wl,-rpath,/home/naota/.rbenv/versions/2.5.1/lib -L/var/www/rails/pfc-master/shared/bundle/ruby/2.5.0/gems/nokogiri-1.10.10/ports/x86_64-pc-linux-gnu/libxml2/2.9.10/lib -Wl,-rpath,/var/www/rails/pfc-master/shared/bundle/ruby/2.5.0/gems/nokogiri-1.10.10/ports/x86_64-pc-linux-gnu/libxml2/2.9.10/lib -L/var/www/rails/pfc-master/shared/bundle/ruby/2.5.0/gems/nokogiri-1.10.10/ports/x86_64-pc-linux-gnu/libxslt/1.1.34/lib -Wl,-rpath,/var/www/rails/pfc-master/shared/bundle/ruby/2.5.0/gems/nokogiri-1.10.10/ports/x86_64-pc-linux-gnu/libxslt/1.1.34/lib -L. -L/home/naota/.rbenv/versions/2.5.1/lib  -fstack-protector -rdynamic -Wl,-export-dynamic    /var/www/rails/pfc-master/shared/bundle/ruby/2.5.0/gems/nokogiri-1.10.10/ports/x86_64-pc-linux-gnu/libxslt/1.1.34/lib/libexslt.a -lm -ldl -llzma -lz /var/www/rails/pfc-master/shared/bundle/ruby/2.5.0/gems/nokogiri-1.10.10/ports/x86_64-pc-linux-gnu/libxml2/2.9.10/lib/libxml2.a /var/www/rails/pfc-master/shared/bundle/ruby/2.5.0/gems/nokogiri-1.10.10/ports/x86_64-pc-linux-gnu/libxslt/1.1.34/lib/libxslt.a -ldl -lm -llzma -lz /var/www/rails/pfc-master/shared/bundle/ruby/2.5.0/gems/nokogiri-1.10.10/ports/x86_64-pc-linux-gnu/libxml2/2.9.10/lib/libxml2.a -llzma -Wl,-rpath,/home/naota/.rbenv/versions/2.5.1/lib -L/home/naota/.rbenv/versions/2.5.1/lib -lruby /var/www/rails/pfc-master/shared/bundle/ruby/2.5.0/gems/nokogiri-1.10.10/ports/x86_64-pc-linux-gnu/libxslt/1.1.34/lib/libexslt.a -lm -ldl -llzma -lz /var/www/rails/pfc-master/shared/bundle/ruby/2.5.0/gems/nokogiri-1.10.10/ports/x86_64-pc-linux-gnu/libxml2/2.9.10/lib/libxml2.a /var/www/rails/pfc-master/shared/bundle/ruby/2.5.0/gems/nokogiri-1.10.10/ports/x86_64-pc-linux-gnu/libxslt/1.1.34/lib/libxslt.a -ldl -lm -llzma -lz /var/www/rails/pfc-master/shared/bundle/ruby/2.5.0/gems/nokogiri-1.10.10/ports/x86_64-pc-linux-gnu/libxml2/2.9.10/lib/libxml2.a -llzma -lpthread -ldl -lcrypt -lm   -lc "
conftest.c: 関数 ‘t’ 内:
conftest.c:13:57: エラー: ‘xmlRelaxNGSetParserStructuredErrors’ が宣言されていません (この関数内での最初の使用)
 int t(void) { void ((*volatile p)()); p = (void ((*)()))xmlRelaxNGSetParserStructuredErrors; return !p; }
                                                         ^~~~~~~~~~~~~~~~~~~~~~~~~~~~~~~~~~~
conftest.c:13:57: 備考: 未宣言の識別子は出現した各関数内で一回のみ報告されます
conftest.c: トップレベル:
cc1: 警告: 認識できないコマンドラインオプション ‘-Wno-self-assign’ です
cc1: 警告: 認識できないコマンドラインオプション ‘-Wno-constant-logical-operand’ です
cc1: 警告: 認識できないコマンドラインオプション ‘-Wno-parentheses-equality’ です
checked program was:
/* begin */
 1: #include "ruby.h"
 2: 
 3: /*top*/
 4: extern int t(void);
 5: int main(int argc, char **argv)
 6: {
 7:   if (argc > 1000000) {
 8:     printf("%p", &t);
 9:   }
10: 
11:   return 0;
12: }
13: int t(void) { void ((*volatile p)()); p = (void ((*)()))xmlRelaxNGSetParserStructuredErrors; return !p; }
/* end */

"gcc -o conftest -I/home/naota/.rbenv/versions/2.5.1/include/ruby-2.5.0/x86_64-linux -I/home/naota/.rbenv/versions/2.5.1/include/ruby-2.5.0/ruby/backward -I/home/naota/.rbenv/versions/2.5.1/include/ruby-2.5.0 -I. -I/var/www/rails/pfc-master/shared/bundle/ruby/2.5.0/gems/nokogiri-1.10.10/ports/x86_64-pc-linux-gnu/libxml2/2.9.10/include/libxml2 -I/var/www/rails/pfc-master/shared/bundle/ruby/2.5.0/gems/nokogiri-1.10.10/ports/x86_64-pc-linux-gnu/libxslt/1.1.34/include -I/var/www/rails/pfc-master/shared/bundle/ruby/2.5.0/gems/nokogiri-1.10.10/ports/x86_64-pc-linux-gnu/libxml2/2.9.10/include/libxml2 -I/home/naota/.rbenv/versions/2.5.1/include    "-DNOKOGIRI_LIBXML2_PATH=\"/var/www/rails/pfc-master/shared/bundle/ruby/2.5.0/gems/nokogiri-1.10.10/ports/x86_64-pc-linux-gnu/libxml2/2.9.10\"" "-DNOKOGIRI_LIBXML2_PATCHES=\"0001-Revert-Do-not-URI-escape-in-server-side-includes.patch 0002-Remove-script-macro-support.patch 0003-Update-entities-to-remove-handling-of-ssi.patch 0004-libxml2.la-is-in-top_builddir.patch 0005-Fix-infinite-loop-in-xmlStringLenDecodeEntities.patch\"" "-DNOKOGIRI_LIBXSLT_PATH=\"/var/www/rails/pfc-master/shared/bundle/ruby/2.5.0/gems/nokogiri-1.10.10/ports/x86_64-pc-linux-gnu/libxslt/1.1.34\"" "-DNOKOGIRI_LIBXSLT_PATCHES=\"\"" -O3 -ggdb3 -Wall -Wextra -Wno-unused-parameter -Wno-parentheses -Wno-long-long -Wno-missing-field-initializers -Wno-tautological-compare -Wno-parentheses-equality -Wno-constant-logical-operand -Wno-self-assign -Wunused-variable -Wimplicit-int -Wpointer-arith -Wwrite-strings -Wdeclaration-after-statement -Wimplicit-function-declaration -Wdeprecated-declarations -Wmisleading-indentation -Wno-packed-bitfield-compat -Wsuggest-attribute=noreturn -Wsuggest-attribute=format -Wimplicit-fallthrough=0 -Wduplicated-cond -Wrestrict  -fPIC  -g -DXP_UNIX -O3 -Wall -Wcast-qual -Wwrite-strings -Wmissing-noreturn -Winline -DNOKOGIRI_USE_PACKAGED_LIBRARIES conftest.c  -L. -L/home/naota/.rbenv/versions/2.5.1/lib -Wl,-rpath,/home/naota/.rbenv/versions/2.5.1/lib -L/var/www/rails/pfc-master/shared/bundle/ruby/2.5.0/gems/nokogiri-1.10.10/ports/x86_64-pc-linux-gnu/libxml2/2.9.10/lib -Wl,-rpath,/var/www/rails/pfc-master/shared/bundle/ruby/2.5.0/gems/nokogiri-1.10.10/ports/x86_64-pc-linux-gnu/libxml2/2.9.10/lib -L/var/www/rails/pfc-master/shared/bundle/ruby/2.5.0/gems/nokogiri-1.10.10/ports/x86_64-pc-linux-gnu/libxslt/1.1.34/lib -Wl,-rpath,/var/www/rails/pfc-master/shared/bundle/ruby/2.5.0/gems/nokogiri-1.10.10/ports/x86_64-pc-linux-gnu/libxslt/1.1.34/lib -L. -L/home/naota/.rbenv/versions/2.5.1/lib  -fstack-protector -rdynamic -Wl,-export-dynamic    /var/www/rails/pfc-master/shared/bundle/ruby/2.5.0/gems/nokogiri-1.10.10/ports/x86_64-pc-linux-gnu/libxslt/1.1.34/lib/libexslt.a -lm -ldl -llzma -lz /var/www/rails/pfc-master/shared/bundle/ruby/2.5.0/gems/nokogiri-1.10.10/ports/x86_64-pc-linux-gnu/libxml2/2.9.10/lib/libxml2.a /var/www/rails/pfc-master/shared/bundle/ruby/2.5.0/gems/nokogiri-1.10.10/ports/x86_64-pc-linux-gnu/libxslt/1.1.34/lib/libxslt.a -ldl -lm -llzma -lz /var/www/rails/pfc-master/shared/bundle/ruby/2.5.0/gems/nokogiri-1.10.10/ports/x86_64-pc-linux-gnu/libxml2/2.9.10/lib/libxml2.a -llzma -Wl,-rpath,/home/naota/.rbenv/versions/2.5.1/lib -L/home/naota/.rbenv/versions/2.5.1/lib -lruby /var/www/rails/pfc-master/shared/bundle/ruby/2.5.0/gems/nokogiri-1.10.10/ports/x86_64-pc-linux-gnu/libxslt/1.1.34/lib/libexslt.a -lm -ldl -llzma -lz /var/www/rails/pfc-master/shared/bundle/ruby/2.5.0/gems/nokogiri-1.10.10/ports/x86_64-pc-linux-gnu/libxml2/2.9.10/lib/libxml2.a /var/www/rails/pfc-master/shared/bundle/ruby/2.5.0/gems/nokogiri-1.10.10/ports/x86_64-pc-linux-gnu/libxslt/1.1.34/lib/libxslt.a -ldl -lm -llzma -lz /var/www/rails/pfc-master/shared/bundle/ruby/2.5.0/gems/nokogiri-1.10.10/ports/x86_64-pc-linux-gnu/libxml2/2.9.10/lib/libxml2.a -llzma -lpthread -ldl -lcrypt -lm   -lc "
checked program was:
/* begin */
 1: #include "ruby.h"
 2: 
 3: /*top*/
 4: extern int t(void);
 5: int main(int argc, char **argv)
 6: {
 7:   if (argc > 1000000) {
 8:     printf("%p", &t);
 9:   }
10: 
11:   return 0;
12: }
13: extern void xmlRelaxNGSetParserStructuredErrors();
14: int t(void) { xmlRelaxNGSetParserStructuredErrors(); return 0; }
/* end */

--------------------

have_func: checking for xmlRelaxNGSetValidStructuredErrors()... -------------------- yes

"gcc -o conftest -I/home/naota/.rbenv/versions/2.5.1/include/ruby-2.5.0/x86_64-linux -I/home/naota/.rbenv/versions/2.5.1/include/ruby-2.5.0/ruby/backward -I/home/naota/.rbenv/versions/2.5.1/include/ruby-2.5.0 -I. -I/var/www/rails/pfc-master/shared/bundle/ruby/2.5.0/gems/nokogiri-1.10.10/ports/x86_64-pc-linux-gnu/libxml2/2.9.10/include/libxml2 -I/var/www/rails/pfc-master/shared/bundle/ruby/2.5.0/gems/nokogiri-1.10.10/ports/x86_64-pc-linux-gnu/libxslt/1.1.34/include -I/var/www/rails/pfc-master/shared/bundle/ruby/2.5.0/gems/nokogiri-1.10.10/ports/x86_64-pc-linux-gnu/libxml2/2.9.10/include/libxml2 -I/home/naota/.rbenv/versions/2.5.1/include    "-DNOKOGIRI_LIBXML2_PATH=\"/var/www/rails/pfc-master/shared/bundle/ruby/2.5.0/gems/nokogiri-1.10.10/ports/x86_64-pc-linux-gnu/libxml2/2.9.10\"" "-DNOKOGIRI_LIBXML2_PATCHES=\"0001-Revert-Do-not-URI-escape-in-server-side-includes.patch 0002-Remove-script-macro-support.patch 0003-Update-entities-to-remove-handling-of-ssi.patch 0004-libxml2.la-is-in-top_builddir.patch 0005-Fix-infinite-loop-in-xmlStringLenDecodeEntities.patch\"" "-DNOKOGIRI_LIBXSLT_PATH=\"/var/www/rails/pfc-master/shared/bundle/ruby/2.5.0/gems/nokogiri-1.10.10/ports/x86_64-pc-linux-gnu/libxslt/1.1.34\"" "-DNOKOGIRI_LIBXSLT_PATCHES=\"\"" -O3 -ggdb3 -Wall -Wextra -Wno-unused-parameter -Wno-parentheses -Wno-long-long -Wno-missing-field-initializers -Wno-tautological-compare -Wno-parentheses-equality -Wno-constant-logical-operand -Wno-self-assign -Wunused-variable -Wimplicit-int -Wpointer-arith -Wwrite-strings -Wdeclaration-after-statement -Wimplicit-function-declaration -Wdeprecated-declarations -Wmisleading-indentation -Wno-packed-bitfield-compat -Wsuggest-attribute=noreturn -Wsuggest-attribute=format -Wimplicit-fallthrough=0 -Wduplicated-cond -Wrestrict  -fPIC  -g -DXP_UNIX -O3 -Wall -Wcast-qual -Wwrite-strings -Wmissing-noreturn -Winline -DNOKOGIRI_USE_PACKAGED_LIBRARIES conftest.c  -L. -L/home/naota/.rbenv/versions/2.5.1/lib -Wl,-rpath,/home/naota/.rbenv/versions/2.5.1/lib -L/var/www/rails/pfc-master/shared/bundle/ruby/2.5.0/gems/nokogiri-1.10.10/ports/x86_64-pc-linux-gnu/libxml2/2.9.10/lib -Wl,-rpath,/var/www/rails/pfc-master/shared/bundle/ruby/2.5.0/gems/nokogiri-1.10.10/ports/x86_64-pc-linux-gnu/libxml2/2.9.10/lib -L/var/www/rails/pfc-master/shared/bundle/ruby/2.5.0/gems/nokogiri-1.10.10/ports/x86_64-pc-linux-gnu/libxslt/1.1.34/lib -Wl,-rpath,/var/www/rails/pfc-master/shared/bundle/ruby/2.5.0/gems/nokogiri-1.10.10/ports/x86_64-pc-linux-gnu/libxslt/1.1.34/lib -L. -L/home/naota/.rbenv/versions/2.5.1/lib  -fstack-protector -rdynamic -Wl,-export-dynamic    /var/www/rails/pfc-master/shared/bundle/ruby/2.5.0/gems/nokogiri-1.10.10/ports/x86_64-pc-linux-gnu/libxslt/1.1.34/lib/libexslt.a -lm -ldl -llzma -lz /var/www/rails/pfc-master/shared/bundle/ruby/2.5.0/gems/nokogiri-1.10.10/ports/x86_64-pc-linux-gnu/libxml2/2.9.10/lib/libxml2.a /var/www/rails/pfc-master/shared/bundle/ruby/2.5.0/gems/nokogiri-1.10.10/ports/x86_64-pc-linux-gnu/libxslt/1.1.34/lib/libxslt.a -ldl -lm -llzma -lz /var/www/rails/pfc-master/shared/bundle/ruby/2.5.0/gems/nokogiri-1.10.10/ports/x86_64-pc-linux-gnu/libxml2/2.9.10/lib/libxml2.a -llzma -Wl,-rpath,/home/naota/.rbenv/versions/2.5.1/lib -L/home/naota/.rbenv/versions/2.5.1/lib -lruby /var/www/rails/pfc-master/shared/bundle/ruby/2.5.0/gems/nokogiri-1.10.10/ports/x86_64-pc-linux-gnu/libxslt/1.1.34/lib/libexslt.a -lm -ldl -llzma -lz /var/www/rails/pfc-master/shared/bundle/ruby/2.5.0/gems/nokogiri-1.10.10/ports/x86_64-pc-linux-gnu/libxml2/2.9.10/lib/libxml2.a /var/www/rails/pfc-master/shared/bundle/ruby/2.5.0/gems/nokogiri-1.10.10/ports/x86_64-pc-linux-gnu/libxslt/1.1.34/lib/libxslt.a -ldl -lm -llzma -lz /var/www/rails/pfc-master/shared/bundle/ruby/2.5.0/gems/nokogiri-1.10.10/ports/x86_64-pc-linux-gnu/libxml2/2.9.10/lib/libxml2.a -llzma -lpthread -ldl -lcrypt -lm   -lc "
conftest.c: 関数 ‘t’ 内:
conftest.c:13:57: エラー: ‘xmlRelaxNGSetValidStructuredErrors’ が宣言されていません (この関数内での最初の使用)
 int t(void) { void ((*volatile p)()); p = (void ((*)()))xmlRelaxNGSetValidStructuredErrors; return !p; }
                                                         ^~~~~~~~~~~~~~~~~~~~~~~~~~~~~~~~~~
conftest.c:13:57: 備考: 未宣言の識別子は出現した各関数内で一回のみ報告されます
conftest.c: トップレベル:
cc1: 警告: 認識できないコマンドラインオプション ‘-Wno-self-assign’ です
cc1: 警告: 認識できないコマンドラインオプション ‘-Wno-constant-logical-operand’ です
cc1: 警告: 認識できないコマンドラインオプション ‘-Wno-parentheses-equality’ です
checked program was:
/* begin */
 1: #include "ruby.h"
 2: 
 3: /*top*/
 4: extern int t(void);
 5: int main(int argc, char **argv)
 6: {
 7:   if (argc > 1000000) {
 8:     printf("%p", &t);
 9:   }
10: 
11:   return 0;
12: }
13: int t(void) { void ((*volatile p)()); p = (void ((*)()))xmlRelaxNGSetValidStructuredErrors; return !p; }
/* end */

"gcc -o conftest -I/home/naota/.rbenv/versions/2.5.1/include/ruby-2.5.0/x86_64-linux -I/home/naota/.rbenv/versions/2.5.1/include/ruby-2.5.0/ruby/backward -I/home/naota/.rbenv/versions/2.5.1/include/ruby-2.5.0 -I. -I/var/www/rails/pfc-master/shared/bundle/ruby/2.5.0/gems/nokogiri-1.10.10/ports/x86_64-pc-linux-gnu/libxml2/2.9.10/include/libxml2 -I/var/www/rails/pfc-master/shared/bundle/ruby/2.5.0/gems/nokogiri-1.10.10/ports/x86_64-pc-linux-gnu/libxslt/1.1.34/include -I/var/www/rails/pfc-master/shared/bundle/ruby/2.5.0/gems/nokogiri-1.10.10/ports/x86_64-pc-linux-gnu/libxml2/2.9.10/include/libxml2 -I/home/naota/.rbenv/versions/2.5.1/include    "-DNOKOGIRI_LIBXML2_PATH=\"/var/www/rails/pfc-master/shared/bundle/ruby/2.5.0/gems/nokogiri-1.10.10/ports/x86_64-pc-linux-gnu/libxml2/2.9.10\"" "-DNOKOGIRI_LIBXML2_PATCHES=\"0001-Revert-Do-not-URI-escape-in-server-side-includes.patch 0002-Remove-script-macro-support.patch 0003-Update-entities-to-remove-handling-of-ssi.patch 0004-libxml2.la-is-in-top_builddir.patch 0005-Fix-infinite-loop-in-xmlStringLenDecodeEntities.patch\"" "-DNOKOGIRI_LIBXSLT_PATH=\"/var/www/rails/pfc-master/shared/bundle/ruby/2.5.0/gems/nokogiri-1.10.10/ports/x86_64-pc-linux-gnu/libxslt/1.1.34\"" "-DNOKOGIRI_LIBXSLT_PATCHES=\"\"" -O3 -ggdb3 -Wall -Wextra -Wno-unused-parameter -Wno-parentheses -Wno-long-long -Wno-missing-field-initializers -Wno-tautological-compare -Wno-parentheses-equality -Wno-constant-logical-operand -Wno-self-assign -Wunused-variable -Wimplicit-int -Wpointer-arith -Wwrite-strings -Wdeclaration-after-statement -Wimplicit-function-declaration -Wdeprecated-declarations -Wmisleading-indentation -Wno-packed-bitfield-compat -Wsuggest-attribute=noreturn -Wsuggest-attribute=format -Wimplicit-fallthrough=0 -Wduplicated-cond -Wrestrict  -fPIC  -g -DXP_UNIX -O3 -Wall -Wcast-qual -Wwrite-strings -Wmissing-noreturn -Winline -DNOKOGIRI_USE_PACKAGED_LIBRARIES conftest.c  -L. -L/home/naota/.rbenv/versions/2.5.1/lib -Wl,-rpath,/home/naota/.rbenv/versions/2.5.1/lib -L/var/www/rails/pfc-master/shared/bundle/ruby/2.5.0/gems/nokogiri-1.10.10/ports/x86_64-pc-linux-gnu/libxml2/2.9.10/lib -Wl,-rpath,/var/www/rails/pfc-master/shared/bundle/ruby/2.5.0/gems/nokogiri-1.10.10/ports/x86_64-pc-linux-gnu/libxml2/2.9.10/lib -L/var/www/rails/pfc-master/shared/bundle/ruby/2.5.0/gems/nokogiri-1.10.10/ports/x86_64-pc-linux-gnu/libxslt/1.1.34/lib -Wl,-rpath,/var/www/rails/pfc-master/shared/bundle/ruby/2.5.0/gems/nokogiri-1.10.10/ports/x86_64-pc-linux-gnu/libxslt/1.1.34/lib -L. -L/home/naota/.rbenv/versions/2.5.1/lib  -fstack-protector -rdynamic -Wl,-export-dynamic    /var/www/rails/pfc-master/shared/bundle/ruby/2.5.0/gems/nokogiri-1.10.10/ports/x86_64-pc-linux-gnu/libxslt/1.1.34/lib/libexslt.a -lm -ldl -llzma -lz /var/www/rails/pfc-master/shared/bundle/ruby/2.5.0/gems/nokogiri-1.10.10/ports/x86_64-pc-linux-gnu/libxml2/2.9.10/lib/libxml2.a /var/www/rails/pfc-master/shared/bundle/ruby/2.5.0/gems/nokogiri-1.10.10/ports/x86_64-pc-linux-gnu/libxslt/1.1.34/lib/libxslt.a -ldl -lm -llzma -lz /var/www/rails/pfc-master/shared/bundle/ruby/2.5.0/gems/nokogiri-1.10.10/ports/x86_64-pc-linux-gnu/libxml2/2.9.10/lib/libxml2.a -llzma -Wl,-rpath,/home/naota/.rbenv/versions/2.5.1/lib -L/home/naota/.rbenv/versions/2.5.1/lib -lruby /var/www/rails/pfc-master/shared/bundle/ruby/2.5.0/gems/nokogiri-1.10.10/ports/x86_64-pc-linux-gnu/libxslt/1.1.34/lib/libexslt.a -lm -ldl -llzma -lz /var/www/rails/pfc-master/shared/bundle/ruby/2.5.0/gems/nokogiri-1.10.10/ports/x86_64-pc-linux-gnu/libxml2/2.9.10/lib/libxml2.a /var/www/rails/pfc-master/shared/bundle/ruby/2.5.0/gems/nokogiri-1.10.10/ports/x86_64-pc-linux-gnu/libxslt/1.1.34/lib/libxslt.a -ldl -lm -llzma -lz /var/www/rails/pfc-master/shared/bundle/ruby/2.5.0/gems/nokogiri-1.10.10/ports/x86_64-pc-linux-gnu/libxml2/2.9.10/lib/libxml2.a -llzma -lpthread -ldl -lcrypt -lm   -lc "
checked program was:
/* begin */
 1: #include "ruby.h"
 2: 
 3: /*top*/
 4: extern int t(void);
 5: int main(int argc, char **argv)
 6: {
 7:   if (argc > 1000000) {
 8:     printf("%p", &t);
 9:   }
10: 
11:   return 0;
12: }
13: extern void xmlRelaxNGSetValidStructuredErrors();
14: int t(void) { xmlRelaxNGSetValidStructuredErrors(); return 0; }
/* end */

--------------------

have_func: checking for xmlSchemaSetValidStructuredErrors()... -------------------- yes

"gcc -o conftest -I/home/naota/.rbenv/versions/2.5.1/include/ruby-2.5.0/x86_64-linux -I/home/naota/.rbenv/versions/2.5.1/include/ruby-2.5.0/ruby/backward -I/home/naota/.rbenv/versions/2.5.1/include/ruby-2.5.0 -I. -I/var/www/rails/pfc-master/shared/bundle/ruby/2.5.0/gems/nokogiri-1.10.10/ports/x86_64-pc-linux-gnu/libxml2/2.9.10/include/libxml2 -I/var/www/rails/pfc-master/shared/bundle/ruby/2.5.0/gems/nokogiri-1.10.10/ports/x86_64-pc-linux-gnu/libxslt/1.1.34/include -I/var/www/rails/pfc-master/shared/bundle/ruby/2.5.0/gems/nokogiri-1.10.10/ports/x86_64-pc-linux-gnu/libxml2/2.9.10/include/libxml2 -I/home/naota/.rbenv/versions/2.5.1/include    "-DNOKOGIRI_LIBXML2_PATH=\"/var/www/rails/pfc-master/shared/bundle/ruby/2.5.0/gems/nokogiri-1.10.10/ports/x86_64-pc-linux-gnu/libxml2/2.9.10\"" "-DNOKOGIRI_LIBXML2_PATCHES=\"0001-Revert-Do-not-URI-escape-in-server-side-includes.patch 0002-Remove-script-macro-support.patch 0003-Update-entities-to-remove-handling-of-ssi.patch 0004-libxml2.la-is-in-top_builddir.patch 0005-Fix-infinite-loop-in-xmlStringLenDecodeEntities.patch\"" "-DNOKOGIRI_LIBXSLT_PATH=\"/var/www/rails/pfc-master/shared/bundle/ruby/2.5.0/gems/nokogiri-1.10.10/ports/x86_64-pc-linux-gnu/libxslt/1.1.34\"" "-DNOKOGIRI_LIBXSLT_PATCHES=\"\"" -O3 -ggdb3 -Wall -Wextra -Wno-unused-parameter -Wno-parentheses -Wno-long-long -Wno-missing-field-initializers -Wno-tautological-compare -Wno-parentheses-equality -Wno-constant-logical-operand -Wno-self-assign -Wunused-variable -Wimplicit-int -Wpointer-arith -Wwrite-strings -Wdeclaration-after-statement -Wimplicit-function-declaration -Wdeprecated-declarations -Wmisleading-indentation -Wno-packed-bitfield-compat -Wsuggest-attribute=noreturn -Wsuggest-attribute=format -Wimplicit-fallthrough=0 -Wduplicated-cond -Wrestrict  -fPIC  -g -DXP_UNIX -O3 -Wall -Wcast-qual -Wwrite-strings -Wmissing-noreturn -Winline -DNOKOGIRI_USE_PACKAGED_LIBRARIES conftest.c  -L. -L/home/naota/.rbenv/versions/2.5.1/lib -Wl,-rpath,/home/naota/.rbenv/versions/2.5.1/lib -L/var/www/rails/pfc-master/shared/bundle/ruby/2.5.0/gems/nokogiri-1.10.10/ports/x86_64-pc-linux-gnu/libxml2/2.9.10/lib -Wl,-rpath,/var/www/rails/pfc-master/shared/bundle/ruby/2.5.0/gems/nokogiri-1.10.10/ports/x86_64-pc-linux-gnu/libxml2/2.9.10/lib -L/var/www/rails/pfc-master/shared/bundle/ruby/2.5.0/gems/nokogiri-1.10.10/ports/x86_64-pc-linux-gnu/libxslt/1.1.34/lib -Wl,-rpath,/var/www/rails/pfc-master/shared/bundle/ruby/2.5.0/gems/nokogiri-1.10.10/ports/x86_64-pc-linux-gnu/libxslt/1.1.34/lib -L. -L/home/naota/.rbenv/versions/2.5.1/lib  -fstack-protector -rdynamic -Wl,-export-dynamic    /var/www/rails/pfc-master/shared/bundle/ruby/2.5.0/gems/nokogiri-1.10.10/ports/x86_64-pc-linux-gnu/libxslt/1.1.34/lib/libexslt.a -lm -ldl -llzma -lz /var/www/rails/pfc-master/shared/bundle/ruby/2.5.0/gems/nokogiri-1.10.10/ports/x86_64-pc-linux-gnu/libxml2/2.9.10/lib/libxml2.a /var/www/rails/pfc-master/shared/bundle/ruby/2.5.0/gems/nokogiri-1.10.10/ports/x86_64-pc-linux-gnu/libxslt/1.1.34/lib/libxslt.a -ldl -lm -llzma -lz /var/www/rails/pfc-master/shared/bundle/ruby/2.5.0/gems/nokogiri-1.10.10/ports/x86_64-pc-linux-gnu/libxml2/2.9.10/lib/libxml2.a -llzma -Wl,-rpath,/home/naota/.rbenv/versions/2.5.1/lib -L/home/naota/.rbenv/versions/2.5.1/lib -lruby /var/www/rails/pfc-master/shared/bundle/ruby/2.5.0/gems/nokogiri-1.10.10/ports/x86_64-pc-linux-gnu/libxslt/1.1.34/lib/libexslt.a -lm -ldl -llzma -lz /var/www/rails/pfc-master/shared/bundle/ruby/2.5.0/gems/nokogiri-1.10.10/ports/x86_64-pc-linux-gnu/libxml2/2.9.10/lib/libxml2.a /var/www/rails/pfc-master/shared/bundle/ruby/2.5.0/gems/nokogiri-1.10.10/ports/x86_64-pc-linux-gnu/libxslt/1.1.34/lib/libxslt.a -ldl -lm -llzma -lz /var/www/rails/pfc-master/shared/bundle/ruby/2.5.0/gems/nokogiri-1.10.10/ports/x86_64-pc-linux-gnu/libxml2/2.9.10/lib/libxml2.a -llzma -lpthread -ldl -lcrypt -lm   -lc "
conftest.c: 関数 ‘t’ 内:
conftest.c:13:57: エラー: ‘xmlSchemaSetValidStructuredErrors’ が宣言されていません (この関数内での最初の使用)
 int t(void) { void ((*volatile p)()); p = (void ((*)()))xmlSchemaSetValidStructuredErrors; return !p; }
                                                         ^~~~~~~~~~~~~~~~~~~~~~~~~~~~~~~~~
conftest.c:13:57: 備考: 未宣言の識別子は出現した各関数内で一回のみ報告されます
conftest.c: トップレベル:
cc1: 警告: 認識できないコマンドラインオプション ‘-Wno-self-assign’ です
cc1: 警告: 認識できないコマンドラインオプション ‘-Wno-constant-logical-operand’ です
cc1: 警告: 認識できないコマンドラインオプション ‘-Wno-parentheses-equality’ です
checked program was:
/* begin */
 1: #include "ruby.h"
 2: 
 3: /*top*/
 4: extern int t(void);
 5: int main(int argc, char **argv)
 6: {
 7:   if (argc > 1000000) {
 8:     printf("%p", &t);
 9:   }
10: 
11:   return 0;
12: }
13: int t(void) { void ((*volatile p)()); p = (void ((*)()))xmlSchemaSetValidStructuredErrors; return !p; }
/* end */

"gcc -o conftest -I/home/naota/.rbenv/versions/2.5.1/include/ruby-2.5.0/x86_64-linux -I/home/naota/.rbenv/versions/2.5.1/include/ruby-2.5.0/ruby/backward -I/home/naota/.rbenv/versions/2.5.1/include/ruby-2.5.0 -I. -I/var/www/rails/pfc-master/shared/bundle/ruby/2.5.0/gems/nokogiri-1.10.10/ports/x86_64-pc-linux-gnu/libxml2/2.9.10/include/libxml2 -I/var/www/rails/pfc-master/shared/bundle/ruby/2.5.0/gems/nokogiri-1.10.10/ports/x86_64-pc-linux-gnu/libxslt/1.1.34/include -I/var/www/rails/pfc-master/shared/bundle/ruby/2.5.0/gems/nokogiri-1.10.10/ports/x86_64-pc-linux-gnu/libxml2/2.9.10/include/libxml2 -I/home/naota/.rbenv/versions/2.5.1/include    "-DNOKOGIRI_LIBXML2_PATH=\"/var/www/rails/pfc-master/shared/bundle/ruby/2.5.0/gems/nokogiri-1.10.10/ports/x86_64-pc-linux-gnu/libxml2/2.9.10\"" "-DNOKOGIRI_LIBXML2_PATCHES=\"0001-Revert-Do-not-URI-escape-in-server-side-includes.patch 0002-Remove-script-macro-support.patch 0003-Update-entities-to-remove-handling-of-ssi.patch 0004-libxml2.la-is-in-top_builddir.patch 0005-Fix-infinite-loop-in-xmlStringLenDecodeEntities.patch\"" "-DNOKOGIRI_LIBXSLT_PATH=\"/var/www/rails/pfc-master/shared/bundle/ruby/2.5.0/gems/nokogiri-1.10.10/ports/x86_64-pc-linux-gnu/libxslt/1.1.34\"" "-DNOKOGIRI_LIBXSLT_PATCHES=\"\"" -O3 -ggdb3 -Wall -Wextra -Wno-unused-parameter -Wno-parentheses -Wno-long-long -Wno-missing-field-initializers -Wno-tautological-compare -Wno-parentheses-equality -Wno-constant-logical-operand -Wno-self-assign -Wunused-variable -Wimplicit-int -Wpointer-arith -Wwrite-strings -Wdeclaration-after-statement -Wimplicit-function-declaration -Wdeprecated-declarations -Wmisleading-indentation -Wno-packed-bitfield-compat -Wsuggest-attribute=noreturn -Wsuggest-attribute=format -Wimplicit-fallthrough=0 -Wduplicated-cond -Wrestrict  -fPIC  -g -DXP_UNIX -O3 -Wall -Wcast-qual -Wwrite-strings -Wmissing-noreturn -Winline -DNOKOGIRI_USE_PACKAGED_LIBRARIES conftest.c  -L. -L/home/naota/.rbenv/versions/2.5.1/lib -Wl,-rpath,/home/naota/.rbenv/versions/2.5.1/lib -L/var/www/rails/pfc-master/shared/bundle/ruby/2.5.0/gems/nokogiri-1.10.10/ports/x86_64-pc-linux-gnu/libxml2/2.9.10/lib -Wl,-rpath,/var/www/rails/pfc-master/shared/bundle/ruby/2.5.0/gems/nokogiri-1.10.10/ports/x86_64-pc-linux-gnu/libxml2/2.9.10/lib -L/var/www/rails/pfc-master/shared/bundle/ruby/2.5.0/gems/nokogiri-1.10.10/ports/x86_64-pc-linux-gnu/libxslt/1.1.34/lib -Wl,-rpath,/var/www/rails/pfc-master/shared/bundle/ruby/2.5.0/gems/nokogiri-1.10.10/ports/x86_64-pc-linux-gnu/libxslt/1.1.34/lib -L. -L/home/naota/.rbenv/versions/2.5.1/lib  -fstack-protector -rdynamic -Wl,-export-dynamic    /var/www/rails/pfc-master/shared/bundle/ruby/2.5.0/gems/nokogiri-1.10.10/ports/x86_64-pc-linux-gnu/libxslt/1.1.34/lib/libexslt.a -lm -ldl -llzma -lz /var/www/rails/pfc-master/shared/bundle/ruby/2.5.0/gems/nokogiri-1.10.10/ports/x86_64-pc-linux-gnu/libxml2/2.9.10/lib/libxml2.a /var/www/rails/pfc-master/shared/bundle/ruby/2.5.0/gems/nokogiri-1.10.10/ports/x86_64-pc-linux-gnu/libxslt/1.1.34/lib/libxslt.a -ldl -lm -llzma -lz /var/www/rails/pfc-master/shared/bundle/ruby/2.5.0/gems/nokogiri-1.10.10/ports/x86_64-pc-linux-gnu/libxml2/2.9.10/lib/libxml2.a -llzma -Wl,-rpath,/home/naota/.rbenv/versions/2.5.1/lib -L/home/naota/.rbenv/versions/2.5.1/lib -lruby /var/www/rails/pfc-master/shared/bundle/ruby/2.5.0/gems/nokogiri-1.10.10/ports/x86_64-pc-linux-gnu/libxslt/1.1.34/lib/libexslt.a -lm -ldl -llzma -lz /var/www/rails/pfc-master/shared/bundle/ruby/2.5.0/gems/nokogiri-1.10.10/ports/x86_64-pc-linux-gnu/libxml2/2.9.10/lib/libxml2.a /var/www/rails/pfc-master/shared/bundle/ruby/2.5.0/gems/nokogiri-1.10.10/ports/x86_64-pc-linux-gnu/libxslt/1.1.34/lib/libxslt.a -ldl -lm -llzma -lz /var/www/rails/pfc-master/shared/bundle/ruby/2.5.0/gems/nokogiri-1.10.10/ports/x86_64-pc-linux-gnu/libxml2/2.9.10/lib/libxml2.a -llzma -lpthread -ldl -lcrypt -lm   -lc "
checked program was:
/* begin */
 1: #include "ruby.h"
 2: 
 3: /*top*/
 4: extern int t(void);
 5: int main(int argc, char **argv)
 6: {
 7:   if (argc > 1000000) {
 8:     printf("%p", &t);
 9:   }
10: 
11:   return 0;
12: }
13: extern void xmlSchemaSetValidStructuredErrors();
14: int t(void) { xmlSchemaSetValidStructuredErrors(); return 0; }
/* end */

--------------------

have_func: checking for xmlSchemaSetParserStructuredErrors()... -------------------- yes

"gcc -o conftest -I/home/naota/.rbenv/versions/2.5.1/include/ruby-2.5.0/x86_64-linux -I/home/naota/.rbenv/versions/2.5.1/include/ruby-2.5.0/ruby/backward -I/home/naota/.rbenv/versions/2.5.1/include/ruby-2.5.0 -I. -I/var/www/rails/pfc-master/shared/bundle/ruby/2.5.0/gems/nokogiri-1.10.10/ports/x86_64-pc-linux-gnu/libxml2/2.9.10/include/libxml2 -I/var/www/rails/pfc-master/shared/bundle/ruby/2.5.0/gems/nokogiri-1.10.10/ports/x86_64-pc-linux-gnu/libxslt/1.1.34/include -I/var/www/rails/pfc-master/shared/bundle/ruby/2.5.0/gems/nokogiri-1.10.10/ports/x86_64-pc-linux-gnu/libxml2/2.9.10/include/libxml2 -I/home/naota/.rbenv/versions/2.5.1/include    "-DNOKOGIRI_LIBXML2_PATH=\"/var/www/rails/pfc-master/shared/bundle/ruby/2.5.0/gems/nokogiri-1.10.10/ports/x86_64-pc-linux-gnu/libxml2/2.9.10\"" "-DNOKOGIRI_LIBXML2_PATCHES=\"0001-Revert-Do-not-URI-escape-in-server-side-includes.patch 0002-Remove-script-macro-support.patch 0003-Update-entities-to-remove-handling-of-ssi.patch 0004-libxml2.la-is-in-top_builddir.patch 0005-Fix-infinite-loop-in-xmlStringLenDecodeEntities.patch\"" "-DNOKOGIRI_LIBXSLT_PATH=\"/var/www/rails/pfc-master/shared/bundle/ruby/2.5.0/gems/nokogiri-1.10.10/ports/x86_64-pc-linux-gnu/libxslt/1.1.34\"" "-DNOKOGIRI_LIBXSLT_PATCHES=\"\"" -O3 -ggdb3 -Wall -Wextra -Wno-unused-parameter -Wno-parentheses -Wno-long-long -Wno-missing-field-initializers -Wno-tautological-compare -Wno-parentheses-equality -Wno-constant-logical-operand -Wno-self-assign -Wunused-variable -Wimplicit-int -Wpointer-arith -Wwrite-strings -Wdeclaration-after-statement -Wimplicit-function-declaration -Wdeprecated-declarations -Wmisleading-indentation -Wno-packed-bitfield-compat -Wsuggest-attribute=noreturn -Wsuggest-attribute=format -Wimplicit-fallthrough=0 -Wduplicated-cond -Wrestrict  -fPIC  -g -DXP_UNIX -O3 -Wall -Wcast-qual -Wwrite-strings -Wmissing-noreturn -Winline -DNOKOGIRI_USE_PACKAGED_LIBRARIES conftest.c  -L. -L/home/naota/.rbenv/versions/2.5.1/lib -Wl,-rpath,/home/naota/.rbenv/versions/2.5.1/lib -L/var/www/rails/pfc-master/shared/bundle/ruby/2.5.0/gems/nokogiri-1.10.10/ports/x86_64-pc-linux-gnu/libxml2/2.9.10/lib -Wl,-rpath,/var/www/rails/pfc-master/shared/bundle/ruby/2.5.0/gems/nokogiri-1.10.10/ports/x86_64-pc-linux-gnu/libxml2/2.9.10/lib -L/var/www/rails/pfc-master/shared/bundle/ruby/2.5.0/gems/nokogiri-1.10.10/ports/x86_64-pc-linux-gnu/libxslt/1.1.34/lib -Wl,-rpath,/var/www/rails/pfc-master/shared/bundle/ruby/2.5.0/gems/nokogiri-1.10.10/ports/x86_64-pc-linux-gnu/libxslt/1.1.34/lib -L. -L/home/naota/.rbenv/versions/2.5.1/lib  -fstack-protector -rdynamic -Wl,-export-dynamic    /var/www/rails/pfc-master/shared/bundle/ruby/2.5.0/gems/nokogiri-1.10.10/ports/x86_64-pc-linux-gnu/libxslt/1.1.34/lib/libexslt.a -lm -ldl -llzma -lz /var/www/rails/pfc-master/shared/bundle/ruby/2.5.0/gems/nokogiri-1.10.10/ports/x86_64-pc-linux-gnu/libxml2/2.9.10/lib/libxml2.a /var/www/rails/pfc-master/shared/bundle/ruby/2.5.0/gems/nokogiri-1.10.10/ports/x86_64-pc-linux-gnu/libxslt/1.1.34/lib/libxslt.a -ldl -lm -llzma -lz /var/www/rails/pfc-master/shared/bundle/ruby/2.5.0/gems/nokogiri-1.10.10/ports/x86_64-pc-linux-gnu/libxml2/2.9.10/lib/libxml2.a -llzma -Wl,-rpath,/home/naota/.rbenv/versions/2.5.1/lib -L/home/naota/.rbenv/versions/2.5.1/lib -lruby /var/www/rails/pfc-master/shared/bundle/ruby/2.5.0/gems/nokogiri-1.10.10/ports/x86_64-pc-linux-gnu/libxslt/1.1.34/lib/libexslt.a -lm -ldl -llzma -lz /var/www/rails/pfc-master/shared/bundle/ruby/2.5.0/gems/nokogiri-1.10.10/ports/x86_64-pc-linux-gnu/libxml2/2.9.10/lib/libxml2.a /var/www/rails/pfc-master/shared/bundle/ruby/2.5.0/gems/nokogiri-1.10.10/ports/x86_64-pc-linux-gnu/libxslt/1.1.34/lib/libxslt.a -ldl -lm -llzma -lz /var/www/rails/pfc-master/shared/bundle/ruby/2.5.0/gems/nokogiri-1.10.10/ports/x86_64-pc-linux-gnu/libxml2/2.9.10/lib/libxml2.a -llzma -lpthread -ldl -lcrypt -lm   -lc "
conftest.c: 関数 ‘t’ 内:
conftest.c:13:57: エラー: ‘xmlSchemaSetParserStructuredErrors’ が宣言されていません (この関数内での最初の使用)
 int t(void) { void ((*volatile p)()); p = (void ((*)()))xmlSchemaSetParserStructuredErrors; return !p; }
                                                         ^~~~~~~~~~~~~~~~~~~~~~~~~~~~~~~~~~
conftest.c:13:57: 備考: 未宣言の識別子は出現した各関数内で一回のみ報告されます
conftest.c: トップレベル:
cc1: 警告: 認識できないコマンドラインオプション ‘-Wno-self-assign’ です
cc1: 警告: 認識できないコマンドラインオプション ‘-Wno-constant-logical-operand’ です
cc1: 警告: 認識できないコマンドラインオプション ‘-Wno-parentheses-equality’ です
checked program was:
/* begin */
 1: #include "ruby.h"
 2: 
 3: /*top*/
 4: extern int t(void);
 5: int main(int argc, char **argv)
 6: {
 7:   if (argc > 1000000) {
 8:     printf("%p", &t);
 9:   }
10: 
11:   return 0;
12: }
13: int t(void) { void ((*volatile p)()); p = (void ((*)()))xmlSchemaSetParserStructuredErrors; return !p; }
/* end */

"gcc -o conftest -I/home/naota/.rbenv/versions/2.5.1/include/ruby-2.5.0/x86_64-linux -I/home/naota/.rbenv/versions/2.5.1/include/ruby-2.5.0/ruby/backward -I/home/naota/.rbenv/versions/2.5.1/include/ruby-2.5.0 -I. -I/var/www/rails/pfc-master/shared/bundle/ruby/2.5.0/gems/nokogiri-1.10.10/ports/x86_64-pc-linux-gnu/libxml2/2.9.10/include/libxml2 -I/var/www/rails/pfc-master/shared/bundle/ruby/2.5.0/gems/nokogiri-1.10.10/ports/x86_64-pc-linux-gnu/libxslt/1.1.34/include -I/var/www/rails/pfc-master/shared/bundle/ruby/2.5.0/gems/nokogiri-1.10.10/ports/x86_64-pc-linux-gnu/libxml2/2.9.10/include/libxml2 -I/home/naota/.rbenv/versions/2.5.1/include    "-DNOKOGIRI_LIBXML2_PATH=\"/var/www/rails/pfc-master/shared/bundle/ruby/2.5.0/gems/nokogiri-1.10.10/ports/x86_64-pc-linux-gnu/libxml2/2.9.10\"" "-DNOKOGIRI_LIBXML2_PATCHES=\"0001-Revert-Do-not-URI-escape-in-server-side-includes.patch 0002-Remove-script-macro-support.patch 0003-Update-entities-to-remove-handling-of-ssi.patch 0004-libxml2.la-is-in-top_builddir.patch 0005-Fix-infinite-loop-in-xmlStringLenDecodeEntities.patch\"" "-DNOKOGIRI_LIBXSLT_PATH=\"/var/www/rails/pfc-master/shared/bundle/ruby/2.5.0/gems/nokogiri-1.10.10/ports/x86_64-pc-linux-gnu/libxslt/1.1.34\"" "-DNOKOGIRI_LIBXSLT_PATCHES=\"\"" -O3 -ggdb3 -Wall -Wextra -Wno-unused-parameter -Wno-parentheses -Wno-long-long -Wno-missing-field-initializers -Wno-tautological-compare -Wno-parentheses-equality -Wno-constant-logical-operand -Wno-self-assign -Wunused-variable -Wimplicit-int -Wpointer-arith -Wwrite-strings -Wdeclaration-after-statement -Wimplicit-function-declaration -Wdeprecated-declarations -Wmisleading-indentation -Wno-packed-bitfield-compat -Wsuggest-attribute=noreturn -Wsuggest-attribute=format -Wimplicit-fallthrough=0 -Wduplicated-cond -Wrestrict  -fPIC  -g -DXP_UNIX -O3 -Wall -Wcast-qual -Wwrite-strings -Wmissing-noreturn -Winline -DNOKOGIRI_USE_PACKAGED_LIBRARIES conftest.c  -L. -L/home/naota/.rbenv/versions/2.5.1/lib -Wl,-rpath,/home/naota/.rbenv/versions/2.5.1/lib -L/var/www/rails/pfc-master/shared/bundle/ruby/2.5.0/gems/nokogiri-1.10.10/ports/x86_64-pc-linux-gnu/libxml2/2.9.10/lib -Wl,-rpath,/var/www/rails/pfc-master/shared/bundle/ruby/2.5.0/gems/nokogiri-1.10.10/ports/x86_64-pc-linux-gnu/libxml2/2.9.10/lib -L/var/www/rails/pfc-master/shared/bundle/ruby/2.5.0/gems/nokogiri-1.10.10/ports/x86_64-pc-linux-gnu/libxslt/1.1.34/lib -Wl,-rpath,/var/www/rails/pfc-master/shared/bundle/ruby/2.5.0/gems/nokogiri-1.10.10/ports/x86_64-pc-linux-gnu/libxslt/1.1.34/lib -L. -L/home/naota/.rbenv/versions/2.5.1/lib  -fstack-protector -rdynamic -Wl,-export-dynamic    /var/www/rails/pfc-master/shared/bundle/ruby/2.5.0/gems/nokogiri-1.10.10/ports/x86_64-pc-linux-gnu/libxslt/1.1.34/lib/libexslt.a -lm -ldl -llzma -lz /var/www/rails/pfc-master/shared/bundle/ruby/2.5.0/gems/nokogiri-1.10.10/ports/x86_64-pc-linux-gnu/libxml2/2.9.10/lib/libxml2.a /var/www/rails/pfc-master/shared/bundle/ruby/2.5.0/gems/nokogiri-1.10.10/ports/x86_64-pc-linux-gnu/libxslt/1.1.34/lib/libxslt.a -ldl -lm -llzma -lz /var/www/rails/pfc-master/shared/bundle/ruby/2.5.0/gems/nokogiri-1.10.10/ports/x86_64-pc-linux-gnu/libxml2/2.9.10/lib/libxml2.a -llzma -Wl,-rpath,/home/naota/.rbenv/versions/2.5.1/lib -L/home/naota/.rbenv/versions/2.5.1/lib -lruby /var/www/rails/pfc-master/shared/bundle/ruby/2.5.0/gems/nokogiri-1.10.10/ports/x86_64-pc-linux-gnu/libxslt/1.1.34/lib/libexslt.a -lm -ldl -llzma -lz /var/www/rails/pfc-master/shared/bundle/ruby/2.5.0/gems/nokogiri-1.10.10/ports/x86_64-pc-linux-gnu/libxml2/2.9.10/lib/libxml2.a /var/www/rails/pfc-master/shared/bundle/ruby/2.5.0/gems/nokogiri-1.10.10/ports/x86_64-pc-linux-gnu/libxslt/1.1.34/lib/libxslt.a -ldl -lm -llzma -lz /var/www/rails/pfc-master/shared/bundle/ruby/2.5.0/gems/nokogiri-1.10.10/ports/x86_64-pc-linux-gnu/libxml2/2.9.10/lib/libxml2.a -llzma -lpthread -ldl -lcrypt -lm   -lc "
checked program was:
/* begin */
 1: #include "ruby.h"
 2: 
 3: /*top*/
 4: extern int t(void);
 5: int main(int argc, char **argv)
 6: {
 7:   if (argc > 1000000) {
 8:     printf("%p", &t);
 9:   }
10: 
11:   return 0;
12: }
13: extern void xmlSchemaSetParserStructuredErrors();
14: int t(void) { xmlSchemaSetParserStructuredErrors(); return 0; }
/* end */

--------------------

