current directory: /var/www/rails/pfc-master/shared/bundle/ruby/2.5.0/gems/bcrypt-3.1.16/ext/mri
/home/naota/.rbenv/versions/2.5.1/bin/ruby -r ./siteconf20201012-14024-1srnoys.rb extconf.rb
creating Makefile

current directory: /var/www/rails/pfc-master/shared/bundle/ruby/2.5.0/gems/bcrypt-3.1.16/ext/mri
make "DESTDIR=" clean

current directory: /var/www/rails/pfc-master/shared/bundle/ruby/2.5.0/gems/bcrypt-3.1.16/ext/mri
make "DESTDIR="
compiling bcrypt_ext.c
compiling crypt_blowfish.c
gcc  -D__SKIP_GNU -I/home/naota/.rbenv/versions/2.5.1/include     -c -o x86.o x86.S
compiling crypt_gensalt.c
compiling wrapper.c
wrapper.c:182:60: 警告: ‘struct crypt_data’ declared inside parameter list will not be visible outside of this definition or declaration
 char *crypt_r(const char *key, const char *setting, struct crypt_data *data)
                                                            ^~~~~~~~~~
cc1: 警告: 認識できないコマンドラインオプション ‘-Wno-self-assign’ です
cc1: 警告: 認識できないコマンドラインオプション ‘-Wno-constant-logical-operand’ です
cc1: 警告: 認識できないコマンドラインオプション ‘-Wno-parentheses-equality’ です
linking shared-object bcrypt_ext.so

current directory: /var/www/rails/pfc-master/shared/bundle/ruby/2.5.0/gems/bcrypt-3.1.16/ext/mri
make "DESTDIR=" install
/usr/bin/install -c -m 0755 bcrypt_ext.so ./.gem.20201012-14024-1r0rjf6
