current directory: /var/www/rails/pfc-master/shared/bundle/ruby/2.5.0/gems/puma-3.12.6/ext/puma_http11
/home/naota/.rbenv/versions/2.5.1/bin/ruby -r ./siteconf20201012-14024-4jpykx.rb extconf.rb
checking for BIO_read() in -lcrypto... yes
checking for SSL_CTX_new() in -lssl... yes
checking for openssl/bio.h... yes
creating Makefile

current directory: /var/www/rails/pfc-master/shared/bundle/ruby/2.5.0/gems/puma-3.12.6/ext/puma_http11
make "DESTDIR=" clean

current directory: /var/www/rails/pfc-master/shared/bundle/ruby/2.5.0/gems/puma-3.12.6/ext/puma_http11
make "DESTDIR="
compiling http11_parser.c
compiling io_buffer.c
compiling mini_ssl.c
mini_ssl.c: 関数 ‘engine_init_server’ 内:
mini_ssl.c:153:3: 警告: ISO C90 は宣言とコードの混合を禁止しています [-Wdeclaration-after-statement]
   ID sym_cert = rb_intern("cert");
   ^~
mini_ssl.c:158:3: 警告: ISO C90 は宣言とコードの混合を禁止しています [-Wdeclaration-after-statement]
   ID sym_ca = rb_intern("ca");
   ^~
mini_ssl.c:189:3: 警告: ISO C90 は宣言とコードの混合を禁止しています [-Wdeclaration-after-statement]
   DH *dh = get_dh1024();
   ^~
mini_ssl.c:193:3: 警告: ISO C90 は宣言とコードの混合を禁止しています [-Wdeclaration-after-statement]
   EC_KEY *ecdh = EC_KEY_new_by_curve_name(NID_secp521r1);
   ^~~~~~
mini_ssl.c: 関数 ‘raise_error’ 内:
mini_ssl.c:250:6: 警告: function might be candidate for attribute ‘noreturn’ [-Wsuggest-attribute=noreturn]
 void raise_error(SSL* ssl, int result) {
      ^~~~~~~~~~~
mini_ssl.c: トップレベル:
cc1: 警告: 認識できないコマンドラインオプション ‘-Wno-self-assign’ です
cc1: 警告: 認識できないコマンドラインオプション ‘-Wno-constant-logical-operand’ です
cc1: 警告: 認識できないコマンドラインオプション ‘-Wno-parentheses-equality’ です
compiling puma_http11.c
linking shared-object puma/puma_http11.so

current directory: /var/www/rails/pfc-master/shared/bundle/ruby/2.5.0/gems/puma-3.12.6/ext/puma_http11
make "DESTDIR=" install
/usr/bin/install -c -m 0755 puma_http11.so ./.gem.20201012-14024-j9jz83/puma
